P5 Printout for CS 3410
----------------------------------
Trace  		trace.1t.long.txt
Instruction Limit 	none
 *** Cache Configuration *** 
capacity   		65536 B
block_size 		    8 B
associativity 		4-way
n_set 			2048
n_cache_line 	8192
tag: 18, index: 11, offset: 3
Coherence Protocol: 	vi
lru_on_invalidate_f: 	false
Processing trace...
1 1
Processed 250001 lines.
    *** Results for Core 0 ***
0.n_cpu_accesses 	250001
0.n_loads 		192500
0.n_stores 		57501
0.n_hits 		196950
0.n_misses 		53051
0.hit_rate 		78.78
0.miss_rate 		21.22
0.n_upgrade_miss 	0
0.n_bus_snoops 	0
0.n_snoop_hits 	0
0.n_writebacks 	18405
Memory Traffic:
0.B_written_bus_to_cache 	424408
0.B_written_cache_to_bus_wb 	147240
0.B_written_cache_to_bus_wt 	0
0.B_total_traffic_wb 	571648
0.B_total_traffic_wt 	0
