P5 Printout for CS 3410
----------------------------------
Trace  		trace.2t.long.txt
Instruction Limit 	none
 *** Cache Configuration *** 
capacity   		65536 B
block_size 		 2048 B
associativity 		4-way
n_set 			8
n_cache_line 	32
tag: 18, index: 3, offset: 11
Coherence Protocol: 	msi
lru_on_invalidate_f: 	false
Processing trace...
2 2
Processed 500000 lines.
    *** Results for Core 0 ***
0.n_cpu_accesses 	250001
0.n_loads 		192500
0.n_stores 		57501
0.n_hits 		230415
0.n_misses 		19586
0.hit_rate 		92.17
0.miss_rate 		7.83
0.n_upgrade_miss 	3174
0.n_bus_snoops 	16611
0.n_snoop_hits 	1222
0.n_writebacks 	4024
Memory Traffic:
0.B_written_bus_to_cache 	40112128
0.B_written_cache_to_bus_wb 	8241152
0.B_written_cache_to_bus_wt 	0
0.B_total_traffic_wb 	48353280
0.B_total_traffic_wt 	0
    *** Results for Core 1 ***
1.n_cpu_accesses 	249999
1.n_loads 		166714
1.n_stores 		83285
1.n_hits 		233388
1.n_misses 		16611
1.hit_rate 		93.36
1.miss_rate 		6.64
1.n_upgrade_miss 	3579
1.n_bus_snoops 	19586
1.n_snoop_hits 	1229
1.n_writebacks 	4801
Memory Traffic:
1.B_written_bus_to_cache 	34019328
1.B_written_cache_to_bus_wb 	9832448
1.B_written_cache_to_bus_wt 	0
1.B_total_traffic_wb 	43851776
1.B_total_traffic_wt 	0
