P5 Printout for CS 3410
----------------------------------
Trace  		trace.1t.long.txt
Instruction Limit 	none
 *** Cache Configuration *** 
capacity   		65536 B
block_size 		  128 B
associativity 		4-way
n_set 			128
n_cache_line 	512
tag: 18, index: 7, offset: 7
Coherence Protocol: 	msi
lru_on_invalidate_f: 	false
Processing trace...
1 2
Processed 250001 lines.
    *** Results for Core 0 ***
0.n_cpu_accesses 	250001
0.n_loads 		192500
0.n_stores 		57501
0.n_hits 		235973
0.n_misses 		14028
0.hit_rate 		94.39
0.miss_rate 		5.61
0.n_upgrade_miss 	1722
0.n_bus_snoops 	0
0.n_snoop_hits 	0
0.n_writebacks 	2525
Memory Traffic:
0.B_written_bus_to_cache 	1795584
0.B_written_cache_to_bus_wb 	323200
0.B_written_cache_to_bus_wt 	0
0.B_total_traffic_wb 	2118784
0.B_total_traffic_wt 	0
