P5 Printout for CS 3410
----------------------------------
Trace  		trace.2t.long.txt
Instruction Limit 	none
 *** Cache Configuration *** 
capacity   		65536 B
block_size 		16384 B
associativity 		fully
n_set 			1
n_cache_line 	4
tag: 18, index: 0, offset: 14
Coherence Protocol: 	msi
lru_on_invalidate_f: 	false
Processing trace...
2 2
Processed 500000 lines.
    *** Results for Core 0 ***
0.n_cpu_accesses 	250001
0.n_loads 		192500
0.n_stores 		57501
0.n_hits 		204074
0.n_misses 		45927
0.hit_rate 		81.63
0.miss_rate 		18.37
0.n_upgrade_miss 	5679
0.n_bus_snoops 	37951
0.n_snoop_hits 	1056
0.n_writebacks 	401
Memory Traffic:
0.B_written_bus_to_cache 	752467968
0.B_written_cache_to_bus_wb 	6569984
0.B_written_cache_to_bus_wt 	0
0.B_total_traffic_wb 	759037952
0.B_total_traffic_wt 	0
    *** Results for Core 1 ***
1.n_cpu_accesses 	249999
1.n_loads 		166714
1.n_stores 		83285
1.n_hits 		212048
1.n_misses 		37951
1.hit_rate 		84.82
1.miss_rate 		15.18
1.n_upgrade_miss 	6103
1.n_bus_snoops 	45927
1.n_snoop_hits 	1470
1.n_writebacks 	541
Memory Traffic:
1.B_written_bus_to_cache 	621789184
1.B_written_cache_to_bus_wb 	8863744
1.B_written_cache_to_bus_wt 	0
1.B_total_traffic_wb 	630652928
1.B_total_traffic_wt 	0
