P5 Printout for CS 3410
----------------------------------
Trace  		trace.2t.long.txt
Instruction Limit 	none
 *** Cache Configuration *** 
capacity   		65536 B
block_size 		   16 B
associativity 		4-way
n_set 			1024
n_cache_line 	4096
tag: 18, index: 10, offset: 4
Coherence Protocol: 	msi
lru_on_invalidate_f: 	false
Processing trace...
2 2
Processed 500000 lines.
    *** Results for Core 0 ***
0.n_cpu_accesses 	250001
0.n_loads 		192500
0.n_stores 		57501
0.n_hits 		218431
0.n_misses 		31570
0.hit_rate 		87.37
0.miss_rate 		12.63
0.n_upgrade_miss 	3071
0.n_bus_snoops 	42866
0.n_snoop_hits 	534
0.n_writebacks 	118
Memory Traffic:
0.B_written_bus_to_cache 	505120
0.B_written_cache_to_bus_wb 	1888
0.B_written_cache_to_bus_wt 	0
0.B_total_traffic_wb 	507008
0.B_total_traffic_wt 	0
    *** Results for Core 1 ***
1.n_cpu_accesses 	249999
1.n_loads 		166714
1.n_stores 		83285
1.n_hits 		207133
1.n_misses 		42866
1.hit_rate 		82.85
1.miss_rate 		17.15
1.n_upgrade_miss 	4543
1.n_bus_snoops 	31570
1.n_snoop_hits 	579
1.n_writebacks 	169
Memory Traffic:
1.B_written_bus_to_cache 	685856
1.B_written_cache_to_bus_wb 	2704
1.B_written_cache_to_bus_wt 	0
1.B_total_traffic_wb 	688560
1.B_total_traffic_wt 	0
