P5 Printout for CS 3410
----------------------------------
Trace  		trace.2t.long.txt
Instruction Limit 	none
 *** Cache Configuration *** 
capacity   		65536 B
block_size 		    8 B
associativity 		4-way
n_set 			2048
n_cache_line 	8192
tag: 18, index: 11, offset: 3
Coherence Protocol: 	vi
lru_on_invalidate_f: 	false
Processing trace...
2 1
Processed 500000 lines.
    *** Results for Core 0 ***
0.n_cpu_accesses 	250001
0.n_loads 		192500
0.n_stores 		57501
0.n_hits 		193476
0.n_misses 		56525
0.hit_rate 		77.39
0.miss_rate 		22.61
0.n_upgrade_miss 	0
0.n_bus_snoops 	80129
0.n_snoop_hits 	3973
0.n_writebacks 	20216
Memory Traffic:
0.B_written_bus_to_cache 	452200
0.B_written_cache_to_bus_wb 	161728
0.B_written_cache_to_bus_wt 	0
0.B_total_traffic_wb 	613928
0.B_total_traffic_wt 	0
    *** Results for Core 1 ***
1.n_cpu_accesses 	249999
1.n_loads 		166714
1.n_stores 		83285
1.n_hits 		169870
1.n_misses 		80129
1.hit_rate 		67.95
1.miss_rate 		32.05
1.n_upgrade_miss 	0
1.n_bus_snoops 	56525
1.n_snoop_hits 	4051
1.n_writebacks 	38545
Memory Traffic:
1.B_written_bus_to_cache 	641032
1.B_written_cache_to_bus_wb 	308360
1.B_written_cache_to_bus_wt 	0
1.B_total_traffic_wb 	949392
1.B_total_traffic_wt 	0
