P5 Printout for CS 3410
----------------------------------
Trace  		trace.2t.long.txt
Instruction Limit 	none
 *** Cache Configuration *** 
capacity   		65536 B
block_size 		  512 B
associativity 		4-way
n_set 			32
n_cache_line 	128
tag: 18, index: 5, offset: 9
Coherence Protocol: 	msi
lru_on_invalidate_f: 	false
Processing trace...
2 2
Processed 500000 lines.
    *** Results for Core 0 ***
0.n_cpu_accesses 	250001
0.n_loads 		192500
0.n_stores 		57501
0.n_hits 		239174
0.n_misses 		10827
0.hit_rate 		95.67
0.miss_rate 		4.33
0.n_upgrade_miss 	1025
0.n_bus_snoops 	10326
0.n_snoop_hits 	318
0.n_writebacks 	1707
Memory Traffic:
0.B_written_bus_to_cache 	5543424
0.B_written_cache_to_bus_wb 	873984
0.B_written_cache_to_bus_wt 	0
0.B_total_traffic_wb 	6417408
0.B_total_traffic_wt 	0
    *** Results for Core 1 ***
1.n_cpu_accesses 	249999
1.n_loads 		166714
1.n_stores 		83285
1.n_hits 		239673
1.n_misses 		10326
1.hit_rate 		95.87
1.miss_rate 		4.13
1.n_upgrade_miss 	1715
1.n_bus_snoops 	10827
1.n_snoop_hits 	427
1.n_writebacks 	2872
Memory Traffic:
1.B_written_bus_to_cache 	5286912
1.B_written_cache_to_bus_wb 	1470464
1.B_written_cache_to_bus_wt 	0
1.B_total_traffic_wb 	6757376
1.B_total_traffic_wt 	0
