P5 Printout for CS 3410
----------------------------------
Trace  		trace.2t.long.txt
Instruction Limit 	none
 *** Cache Configuration *** 
capacity   		65536 B
block_size 		16384 B
associativity 		fully
n_set 			1
n_cache_line 	4
tag: 18, index: 0, offset: 14
Coherence Protocol: 	msi
lru_on_invalidate_f: 	false
Processing trace...
2 2
Processed 500000 lines.
    *** Results for Core 0 ***
0.n_cpu_accesses 	250001
0.n_loads 		192500
0.n_stores 		57501
0.n_hits 		197718
0.n_misses 		52283
0.hit_rate 		79.09
0.miss_rate 		20.91
0.n_upgrade_miss 	13194
0.n_bus_snoops 	45130
0.n_snoop_hits 	1728
0.n_writebacks 	18127
Memory Traffic:
0.B_written_bus_to_cache 	856604672
0.B_written_cache_to_bus_wb 	296992768
0.B_written_cache_to_bus_wt 	0
0.B_total_traffic_wb 	1153597440
0.B_total_traffic_wt 	0
    *** Results for Core 1 ***
1.n_cpu_accesses 	249999
1.n_loads 		166714
1.n_stores 		83285
1.n_hits 		204869
1.n_misses 		45130
1.hit_rate 		81.95
1.miss_rate 		18.05
1.n_upgrade_miss 	11859
1.n_bus_snoops 	52283
1.n_snoop_hits 	1889
1.n_writebacks 	17323
Memory Traffic:
1.B_written_bus_to_cache 	739409920
1.B_written_cache_to_bus_wb 	283820032
1.B_written_cache_to_bus_wt 	0
1.B_total_traffic_wb 	1023229952
1.B_total_traffic_wt 	0
