P5 Printout for CS 3410
----------------------------------
Trace  		trace.2t.long.txt
Instruction Limit 	none
 *** Cache Configuration *** 
capacity   		65536 B
block_size 		   64 B
associativity 		4-way
n_set 			256
n_cache_line 	1024
tag: 18, index: 8, offset: 6
Coherence Protocol: 	msi
lru_on_invalidate_f: 	false
Processing trace...
2 2
Processed 500000 lines.
    *** Results for Core 0 ***
0.n_cpu_accesses 	250001
0.n_loads 		192500
0.n_stores 		57501
0.n_hits 		234092
0.n_misses 		15909
0.hit_rate 		93.64
0.miss_rate 		6.36
0.n_upgrade_miss 	3409
0.n_bus_snoops 	19499
0.n_snoop_hits 	533
0.n_writebacks 	4129
Memory Traffic:
0.B_written_bus_to_cache 	1018176
0.B_written_cache_to_bus_wb 	264256
0.B_written_cache_to_bus_wt 	0
0.B_total_traffic_wb 	1282432
0.B_total_traffic_wt 	0
    *** Results for Core 1 ***
1.n_cpu_accesses 	249999
1.n_loads 		166714
1.n_stores 		83285
1.n_hits 		230500
1.n_misses 		19499
1.hit_rate 		92.20
1.miss_rate 		7.80
1.n_upgrade_miss 	5871
1.n_bus_snoops 	15909
1.n_snoop_hits 	586
1.n_writebacks 	8602
Memory Traffic:
1.B_written_bus_to_cache 	1247936
1.B_written_cache_to_bus_wb 	550528
1.B_written_cache_to_bus_wt 	0
1.B_total_traffic_wb 	1798464
1.B_total_traffic_wt 	0
