P5 Printout for CS 3410
----------------------------------
Trace  		trace.2t.long.txt
Instruction Limit 	none
 *** Cache Configuration *** 
capacity   		65536 B
block_size 		   32 B
associativity 		4-way
n_set 			512
n_cache_line 	2048
tag: 18, index: 9, offset: 5
Coherence Protocol: 	msi
lru_on_invalidate_f: 	false
Processing trace...
2 2
Processed 500000 lines.
    *** Results for Core 0 ***
0.n_cpu_accesses 	250001
0.n_loads 		192500
0.n_stores 		57501
0.n_hits 		228420
0.n_misses 		21581
0.hit_rate 		91.37
0.miss_rate 		8.63
0.n_upgrade_miss 	4741
0.n_bus_snoops 	26932
0.n_snoop_hits 	518
0.n_writebacks 	6065
Memory Traffic:
0.B_written_bus_to_cache 	690592
0.B_written_cache_to_bus_wb 	194080
0.B_written_cache_to_bus_wt 	0
0.B_total_traffic_wb 	884672
0.B_total_traffic_wt 	0
    *** Results for Core 1 ***
1.n_cpu_accesses 	249999
1.n_loads 		166714
1.n_stores 		83285
1.n_hits 		223067
1.n_misses 		26932
1.hit_rate 		89.23
1.miss_rate 		10.77
1.n_upgrade_miss 	7760
1.n_bus_snoops 	21581
1.n_snoop_hits 	536
1.n_writebacks 	11550
Memory Traffic:
1.B_written_bus_to_cache 	861824
1.B_written_cache_to_bus_wb 	369600
1.B_written_cache_to_bus_wt 	0
1.B_total_traffic_wb 	1231424
1.B_total_traffic_wt 	0
