P5 Printout for CS 3410
----------------------------------
Trace  		trace.2t.long.txt
Instruction Limit 	none
 *** Cache Configuration *** 
capacity   		65536 B
block_size 		    8 B
associativity 		4-way
n_set 			2048
n_cache_line 	8192
tag: 18, index: 11, offset: 3
Coherence Protocol: 	msi
lru_on_invalidate_f: 	false
Processing trace...
2 2
Processed 500000 lines.
    *** Results for Core 0 ***
0.n_cpu_accesses 	250001
0.n_loads 		192500
0.n_stores 		57501
0.n_hits 		196175
0.n_misses 		53826
0.hit_rate 		78.47
0.miss_rate 		21.53
0.n_upgrade_miss 	10115
0.n_bus_snoops 	77761
0.n_snoop_hits 	1012
0.n_writebacks 	19382
Memory Traffic:
0.B_written_bus_to_cache 	430608
0.B_written_cache_to_bus_wb 	155056
0.B_written_cache_to_bus_wt 	0
0.B_total_traffic_wb 	585664
0.B_total_traffic_wt 	0
    *** Results for Core 1 ***
1.n_cpu_accesses 	249999
1.n_loads 		166714
1.n_stores 		83285
1.n_hits 		172238
1.n_misses 		77761
1.hit_rate 		68.90
1.miss_rate 		31.10
1.n_upgrade_miss 	17546
1.n_bus_snoops 	53826
1.n_snoop_hits 	1011
1.n_writebacks 	37777
Memory Traffic:
1.B_written_bus_to_cache 	622088
1.B_written_cache_to_bus_wb 	302216
1.B_written_cache_to_bus_wt 	0
1.B_total_traffic_wb 	924304
1.B_total_traffic_wt 	0
