P5 Printout for CS 3410
----------------------------------
Trace  		trace.2t.long.txt
Instruction Limit 	none
 *** Cache Configuration *** 
capacity   		65536 B
block_size 		   16 B
associativity 		4-way
n_set 			1024
n_cache_line 	4096
tag: 18, index: 10, offset: 4
Coherence Protocol: 	msi
lru_on_invalidate_f: 	false
Processing trace...
2 2
Processed 500000 lines.
    *** Results for Core 0 ***
0.n_cpu_accesses 	250001
0.n_loads 		192500
0.n_stores 		57501
0.n_hits 		217924
0.n_misses 		32077
0.hit_rate 		87.17
0.miss_rate 		12.83
0.n_upgrade_miss 	6744
0.n_bus_snoops 	43638
0.n_snoop_hits 	599
0.n_writebacks 	10407
Memory Traffic:
0.B_written_bus_to_cache 	513232
0.B_written_cache_to_bus_wb 	166512
0.B_written_cache_to_bus_wt 	0
0.B_total_traffic_wb 	679744
0.B_total_traffic_wt 	0
    *** Results for Core 1 ***
1.n_cpu_accesses 	249999
1.n_loads 		166714
1.n_stores 		83285
1.n_hits 		206361
1.n_misses 		43638
1.hit_rate 		82.54
1.miss_rate 		17.46
1.n_upgrade_miss 	11202
1.n_bus_snoops 	32077
1.n_snoop_hits 	602
1.n_writebacks 	20207
Memory Traffic:
1.B_written_bus_to_cache 	698208
1.B_written_cache_to_bus_wb 	323312
1.B_written_cache_to_bus_wt 	0
1.B_total_traffic_wb 	1021520
1.B_total_traffic_wt 	0
