P5 Printout for CS 3410
----------------------------------
Trace  		trace.2t.long.txt
Instruction Limit 	none
 *** Cache Configuration *** 
capacity   		65536 B
block_size 		  128 B
associativity 		4-way
n_set 			128
n_cache_line 	512
tag: 18, index: 7, offset: 7
Coherence Protocol: 	msi
lru_on_invalidate_f: 	false
Processing trace...
2 2
Processed 500000 lines.
    *** Results for Core 0 ***
0.n_cpu_accesses 	250001
0.n_loads 		192500
0.n_stores 		57501
0.n_hits 		237037
0.n_misses 		12964
0.hit_rate 		94.81
0.miss_rate 		5.19
0.n_upgrade_miss 	2411
0.n_bus_snoops 	14312
0.n_snoop_hits 	549
0.n_writebacks 	3058
Memory Traffic:
0.B_written_bus_to_cache 	1659392
0.B_written_cache_to_bus_wb 	391424
0.B_written_cache_to_bus_wt 	0
0.B_total_traffic_wb 	2050816
0.B_total_traffic_wt 	0
    *** Results for Core 1 ***
1.n_cpu_accesses 	249999
1.n_loads 		166714
1.n_stores 		83285
1.n_hits 		235687
1.n_misses 		14312
1.hit_rate 		94.28
1.miss_rate 		5.72
1.n_upgrade_miss 	4008
1.n_bus_snoops 	12964
1.n_snoop_hits 	617
1.n_writebacks 	5719
Memory Traffic:
1.B_written_bus_to_cache 	1831936
1.B_written_cache_to_bus_wb 	732032
1.B_written_cache_to_bus_wt 	0
1.B_total_traffic_wb 	2563968
1.B_total_traffic_wt 	0
