P5 Printout for CS 3410
----------------------------------
Trace  		trace.2t.long.txt
Instruction Limit 	none
 *** Cache Configuration *** 
capacity   		   64 B
block_size 		   16 B
associativity 		fully
n_set 			1
n_cache_line 	4
tag: 28, index: 0, offset: 4
Coherence Protocol: 	vi
lru_on_invalidate_f: 	false
Processing trace...
2 1
Processed 500000 lines.
    *** Results for Core 0 ***
0.n_cpu_accesses 	394106
0.n_loads 		336605
0.n_stores 		57501
0.n_hits 		112994
0.n_misses 		281112
0.hit_rate 		28.67
0.miss_rate 		71.33
0.n_upgrade_miss 	0
0.n_bus_snoops 	144105
0.n_snoop_hits 	264
0.n_writebacks 	35829
Memory Traffic:
0.B_written_bus_to_cache 	4497792
0.B_written_cache_to_bus_wb 	573264
0.B_written_cache_to_bus_wt 	0
0.B_total_traffic_wb 	5071056
0.B_total_traffic_wt 	0
    *** Results for Core 1 ***
1.n_cpu_accesses 	387270
1.n_loads 		303985
1.n_stores 		83285
1.n_hits 		106167
1.n_misses 		281103
1.hit_rate 		27.41
1.miss_rate 		72.59
1.n_upgrade_miss 	0
1.n_bus_snoops 	137271
1.n_snoop_hits 	273
1.n_writebacks 	47586
Memory Traffic:
1.B_written_bus_to_cache 	4497648
1.B_written_cache_to_bus_wb 	761376
1.B_written_cache_to_bus_wt 	0
1.B_total_traffic_wb 	5259024
1.B_total_traffic_wt 	0
