P5 Printout for CS 3410
----------------------------------
Trace  		trace.2t.long.txt
Instruction Limit 	none
 *** Cache Configuration *** 
capacity   		65536 B
block_size 		  256 B
associativity 		4-way
n_set 			64
n_cache_line 	256
tag: 18, index: 6, offset: 8
Coherence Protocol: 	msi
lru_on_invalidate_f: 	false
Processing trace...
2 2
Processed 500000 lines.
    *** Results for Core 0 ***
0.n_cpu_accesses 	250001
0.n_loads 		192500
0.n_stores 		57501
0.n_hits 		236423
0.n_misses 		13578
0.hit_rate 		94.57
0.miss_rate 		5.43
0.n_upgrade_miss 	1634
0.n_bus_snoops 	14469
0.n_snoop_hits 	1403
0.n_writebacks 	1521
Memory Traffic:
0.B_written_bus_to_cache 	3475968
0.B_written_cache_to_bus_wb 	389376
0.B_written_cache_to_bus_wt 	0
0.B_total_traffic_wb 	3865344
0.B_total_traffic_wt 	0
    *** Results for Core 1 ***
1.n_cpu_accesses 	249999
1.n_loads 		166714
1.n_stores 		83285
1.n_hits 		235530
1.n_misses 		14469
1.hit_rate 		94.21
1.miss_rate 		5.79
1.n_upgrade_miss 	2369
1.n_bus_snoops 	13578
1.n_snoop_hits 	1457
1.n_writebacks 	2734
Memory Traffic:
1.B_written_bus_to_cache 	3704064
1.B_written_cache_to_bus_wb 	699904
1.B_written_cache_to_bus_wt 	0
1.B_total_traffic_wb 	4403968
1.B_total_traffic_wt 	0
