P5 Printout for CS 3410
----------------------------------
Trace  		trace.2t.long.txt
Instruction Limit 	none
 *** Cache Configuration *** 
capacity   		65536 B
block_size 		 4096 B
associativity 		4-way
n_set 			4
n_cache_line 	16
tag: 18, index: 2, offset: 12
Coherence Protocol: 	msi
lru_on_invalidate_f: 	false
Processing trace...
2 2
Processed 500000 lines.
    *** Results for Core 0 ***
0.n_cpu_accesses 	250001
0.n_loads 		192500
0.n_stores 		57501
0.n_hits 		221911
0.n_misses 		28090
0.hit_rate 		88.76
0.miss_rate 		11.24
0.n_upgrade_miss 	2673
0.n_bus_snoops 	21605
0.n_snoop_hits 	1018
0.n_writebacks 	7175
Memory Traffic:
0.B_written_bus_to_cache 	115056640
0.B_written_cache_to_bus_wb 	29388800
0.B_written_cache_to_bus_wt 	0
0.B_total_traffic_wb 	144445440
0.B_total_traffic_wt 	0
    *** Results for Core 1 ***
1.n_cpu_accesses 	249999
1.n_loads 		166714
1.n_stores 		83285
1.n_hits 		228394
1.n_misses 		21605
1.hit_rate 		91.36
1.miss_rate 		8.64
1.n_upgrade_miss 	2908
1.n_bus_snoops 	28090
1.n_snoop_hits 	1596
1.n_writebacks 	6402
Memory Traffic:
1.B_written_bus_to_cache 	88494080
1.B_written_cache_to_bus_wb 	26222592
1.B_written_cache_to_bus_wt 	0
1.B_total_traffic_wb 	114716672
1.B_total_traffic_wt 	0
