P5 Printout for CS 3410
----------------------------------
Trace  		trace.2t.long.txt
Instruction Limit 	none
 *** Cache Configuration *** 
capacity   		65536 B
block_size 		  256 B
associativity 		4-way
n_set 			64
n_cache_line 	256
tag: 18, index: 6, offset: 8
Coherence Protocol: 	msi
lru_on_invalidate_f: 	false
Processing trace...
2 2
Processed 500000 lines.
    *** Results for Core 0 ***
0.n_cpu_accesses 	251277
0.n_loads 		192500
0.n_stores 		58777
0.n_hits 		230813
0.n_misses 		20464
0.hit_rate 		91.86
0.miss_rate 		8.14
0.n_upgrade_miss 	2552
0.n_bus_snoops 	14772
0.n_snoop_hits 	557
0.n_writebacks 	294
Memory Traffic:
0.B_written_bus_to_cache 	5238784
0.B_written_cache_to_bus_wb 	75264
0.B_written_cache_to_bus_wt 	0
0.B_total_traffic_wb 	5314048
0.B_total_traffic_wt 	0
    *** Results for Core 1 ***
1.n_cpu_accesses 	252018
1.n_loads 		166714
1.n_stores 		85304
1.n_hits 		235227
1.n_misses 		16791
1.hit_rate 		93.34
1.miss_rate 		6.66
1.n_upgrade_miss 	4038
1.n_bus_snoops 	19188
1.n_snoop_hits 	430
1.n_writebacks 	897
Memory Traffic:
1.B_written_bus_to_cache 	4298496
1.B_written_cache_to_bus_wb 	229632
1.B_written_cache_to_bus_wt 	0
1.B_total_traffic_wb 	4528128
1.B_total_traffic_wt 	0
