P5 Printout for CS 3410
----------------------------------
Trace  		trace.2t.long.txt
Instruction Limit 	none
 *** Cache Configuration *** 
capacity   		65536 B
block_size 		16384 B
associativity 		fully
n_set 			1
n_cache_line 	4
tag: 18, index: 0, offset: 14
Coherence Protocol: 	msi
lru_on_invalidate_f: 	false
Processing trace...
2 2
Processed 500000 lines.
    *** Results for Core 0 ***
0.n_cpu_accesses 	255827
0.n_loads 		192500
0.n_stores 		63327
0.n_hits 		203621
0.n_misses 		52206
0.hit_rate 		79.59
0.miss_rate 		20.41
0.n_upgrade_miss 	11652
0.n_bus_snoops 	39948
0.n_snoop_hits 	1748
0.n_writebacks 	3001
Memory Traffic:
0.B_written_bus_to_cache 	855343104
0.B_written_cache_to_bus_wb 	49168384
0.B_written_cache_to_bus_wt 	0
0.B_total_traffic_wb 	904511488
0.B_total_traffic_wt 	0
    *** Results for Core 1 ***
1.n_cpu_accesses 	256160
1.n_loads 		166714
1.n_stores 		89446
1.n_hits 		210051
1.n_misses 		46109
1.hit_rate 		82.00
1.miss_rate 		18.00
1.n_upgrade_miss 	12322
1.n_bus_snoops 	46380
1.n_snoop_hits 	1577
1.n_writebacks 	2929
Memory Traffic:
1.B_written_bus_to_cache 	755449856
1.B_written_cache_to_bus_wb 	47988736
1.B_written_cache_to_bus_wt 	0
1.B_total_traffic_wb 	803438592
1.B_total_traffic_wt 	0
