P5 Printout for CS 3410
----------------------------------
Trace  		trace.2t.long.txt
Instruction Limit 	none
 *** Cache Configuration *** 
capacity   		65536 B
block_size 		   32 B
associativity 		4-way
n_set 			512
n_cache_line 	2048
tag: 18, index: 9, offset: 5
Coherence Protocol: 	msi
lru_on_invalidate_f: 	false
Processing trace...
2 2
Processed 500000 lines.
    *** Results for Core 0 ***
0.n_cpu_accesses 	252827
0.n_loads 		192500
0.n_stores 		60327
0.n_hits 		221985
0.n_misses 		30842
0.hit_rate 		87.80
0.miss_rate 		12.20
0.n_upgrade_miss 	5652
0.n_bus_snoops 	28992
0.n_snoop_hits 	693
0.n_writebacks 	1064
Memory Traffic:
0.B_written_bus_to_cache 	986944
0.B_written_cache_to_bus_wb 	34048
0.B_written_cache_to_bus_wt 	0
0.B_total_traffic_wb 	1020992
0.B_total_traffic_wt 	0
    *** Results for Core 1 ***
1.n_cpu_accesses 	254194
1.n_loads 		166714
1.n_stores 		87480
1.n_hits 		221007
1.n_misses 		33187
1.hit_rate 		86.94
1.miss_rate 		13.06
1.n_upgrade_miss 	8390
1.n_bus_snoops 	28016
1.n_snoop_hits 	516
1.n_writebacks 	4260
Memory Traffic:
1.B_written_bus_to_cache 	1061984
1.B_written_cache_to_bus_wb 	136320
1.B_written_cache_to_bus_wt 	0
1.B_total_traffic_wb 	1198304
1.B_total_traffic_wt 	0
