P5 Printout for CS 3410
----------------------------------
Trace  		trace.2t.long.txt
Instruction Limit 	none
 *** Cache Configuration *** 
capacity   		65536 B
block_size 		    4 B
associativity 		4-way
n_set 			4096
n_cache_line 	16384
tag: 18, index: 12, offset: 2
Coherence Protocol: 	msi
lru_on_invalidate_f: 	false
Processing trace...
2 2
Processed 500000 lines.
    *** Results for Core 0 ***
0.n_cpu_accesses 	253636
0.n_loads 		192500
0.n_stores 		61136
0.n_hits 		173640
0.n_misses 		79996
0.hit_rate 		68.46
0.miss_rate 		31.54
0.n_upgrade_miss 	7270
0.n_bus_snoops 	81485
0.n_snoop_hits 	1316
0.n_writebacks 	6384
Memory Traffic:
0.B_written_bus_to_cache 	319984
0.B_written_cache_to_bus_wb 	25536
0.B_written_cache_to_bus_wt 	0
0.B_total_traffic_wb 	345520
0.B_total_traffic_wt 	0
    *** Results for Core 1 ***
1.n_cpu_accesses 	255496
1.n_loads 		166714
1.n_stores 		88782
1.n_hits 		168514
1.n_misses 		86982
1.hit_rate 		65.96
1.miss_rate 		34.04
1.n_upgrade_miss 	10994
1.n_bus_snoops 	76361
1.n_snoop_hits 	909
1.n_writebacks 	20310
Memory Traffic:
1.B_written_bus_to_cache 	347928
1.B_written_cache_to_bus_wb 	81240
1.B_written_cache_to_bus_wt 	0
1.B_total_traffic_wb 	429168
1.B_total_traffic_wt 	0
