P5 Printout for CS 3410
----------------------------------
Trace  		trace.2t.long.txt
Instruction Limit 	none
 *** Cache Configuration *** 
capacity   		65536 B
block_size 		   64 B
associativity 		4-way
n_set 			256
n_cache_line 	1024
tag: 18, index: 8, offset: 6
Coherence Protocol: 	msi
lru_on_invalidate_f: 	false
Processing trace...
2 2
Processed 500000 lines.
    *** Results for Core 0 ***
0.n_cpu_accesses 	252644
0.n_loads 		192500
0.n_stores 		60144
0.n_hits 		227124
0.n_misses 		25520
0.hit_rate 		89.90
0.miss_rate 		10.10
0.n_upgrade_miss 	5286
0.n_bus_snoops 	22329
0.n_snoop_hits 	531
0.n_writebacks 	437
Memory Traffic:
0.B_written_bus_to_cache 	1633280
0.B_written_cache_to_bus_wb 	27968
0.B_written_cache_to_bus_wt 	0
0.B_total_traffic_wb 	1661248
0.B_total_traffic_wt 	0
    *** Results for Core 1 ***
1.n_cpu_accesses 	253929
1.n_loads 		166714
1.n_stores 		87215
1.n_hits 		227670
1.n_misses 		26259
1.hit_rate 		89.66
1.miss_rate 		10.34
1.n_upgrade_miss 	7860
1.n_bus_snoops 	22877
1.n_snoop_hits 	493
1.n_writebacks 	2836
Memory Traffic:
1.B_written_bus_to_cache 	1680576
1.B_written_cache_to_bus_wb 	181504
1.B_written_cache_to_bus_wt 	0
1.B_total_traffic_wb 	1862080
1.B_total_traffic_wt 	0
