P5 Printout for CS 3410
----------------------------------
Trace  		trace.2t.long.txt
Instruction Limit 	none
 *** Cache Configuration *** 
capacity   		65536 B
block_size 		   32 B
associativity 		4-way
n_set 			512
n_cache_line 	2048
tag: 18, index: 9, offset: 5
Coherence Protocol: 	msi
lru_on_invalidate_f: 	false
Processing trace...
2 2
Processed 500000 lines.
    *** Results for Core 0 ***
0.n_cpu_accesses 	250001
0.n_loads 		192500
0.n_stores 		57501
0.n_hits 		228722
0.n_misses 		21279
0.hit_rate 		91.49
0.miss_rate 		8.51
0.n_upgrade_miss 	2845
0.n_bus_snoops 	26499
0.n_snoop_hits 	675
0.n_writebacks 	6258
Memory Traffic:
0.B_written_bus_to_cache 	680928
0.B_written_cache_to_bus_wb 	200256
0.B_written_cache_to_bus_wt 	0
0.B_total_traffic_wb 	881184
0.B_total_traffic_wt 	0
    *** Results for Core 1 ***
1.n_cpu_accesses 	249999
1.n_loads 		166714
1.n_stores 		83285
1.n_hits 		223500
1.n_misses 		26499
1.hit_rate 		89.40
1.miss_rate 		10.60
1.n_upgrade_miss 	4222
1.n_bus_snoops 	21279
1.n_snoop_hits 	690
1.n_writebacks 	11653
Memory Traffic:
1.B_written_bus_to_cache 	847968
1.B_written_cache_to_bus_wb 	372896
1.B_written_cache_to_bus_wt 	0
1.B_total_traffic_wb 	1220864
1.B_total_traffic_wt 	0
