P5 Printout for CS 3410
----------------------------------
Trace  		trace.2t.long.txt
Instruction Limit 	none
 *** Cache Configuration *** 
capacity   		65536 B
block_size 		  128 B
associativity 		4-way
n_set 			128
n_cache_line 	512
tag: 18, index: 7, offset: 7
Coherence Protocol: 	msi
lru_on_invalidate_f: 	false
Processing trace...
2 2
Processed 500000 lines.
    *** Results for Core 0 ***
0.n_cpu_accesses 	250001
0.n_loads 		192500
0.n_stores 		57501
0.n_hits 		237360
0.n_misses 		12641
0.hit_rate 		94.94
0.miss_rate 		5.06
0.n_upgrade_miss 	1742
0.n_bus_snoops 	13938
0.n_snoop_hits 	676
0.n_writebacks 	3244
Memory Traffic:
0.B_written_bus_to_cache 	1618048
0.B_written_cache_to_bus_wb 	415232
0.B_written_cache_to_bus_wt 	0
0.B_total_traffic_wb 	2033280
0.B_total_traffic_wt 	0
    *** Results for Core 1 ***
1.n_cpu_accesses 	249999
1.n_loads 		166714
1.n_stores 		83285
1.n_hits 		236061
1.n_misses 		13938
1.hit_rate 		94.42
1.miss_rate 		5.58
1.n_upgrade_miss 	2725
1.n_bus_snoops 	12641
1.n_snoop_hits 	771
1.n_writebacks 	5839
Memory Traffic:
1.B_written_bus_to_cache 	1784064
1.B_written_cache_to_bus_wb 	747392
1.B_written_cache_to_bus_wt 	0
1.B_total_traffic_wb 	2531456
1.B_total_traffic_wt 	0
