P5 Printout for CS 3410
----------------------------------
Trace  		trace.2t.long.txt
Instruction Limit 	none
 *** Cache Configuration *** 
capacity   		65536 B
block_size 		  256 B
associativity 		4-way
n_set 			64
n_cache_line 	256
tag: 18, index: 6, offset: 8
Coherence Protocol: 	vi
lru_on_invalidate_f: 	false
Processing trace...
2 1
Processed 500000 lines.
    *** Results for Core 0 ***
0.n_cpu_accesses 	250001
0.n_loads 		192500
0.n_stores 		57501
0.n_hits 		235911
0.n_misses 		14090
0.hit_rate 		94.36
0.miss_rate 		5.64
0.n_upgrade_miss 	0
0.n_bus_snoops 	14252
0.n_snoop_hits 	2636
0.n_writebacks 	3679
Memory Traffic:
0.B_written_bus_to_cache 	3607040
0.B_written_cache_to_bus_wb 	941824
0.B_written_cache_to_bus_wt 	0
0.B_total_traffic_wb 	4548864
0.B_total_traffic_wt 	0
    *** Results for Core 1 ***
1.n_cpu_accesses 	249999
1.n_loads 		166714
1.n_stores 		83285
1.n_hits 		235747
1.n_misses 		14252
1.hit_rate 		94.30
1.miss_rate 		5.70
1.n_upgrade_miss 	0
1.n_bus_snoops 	14090
1.n_snoop_hits 	2669
1.n_writebacks 	5231
Memory Traffic:
1.B_written_bus_to_cache 	3648512
1.B_written_cache_to_bus_wb 	1339136
1.B_written_cache_to_bus_wt 	0
1.B_total_traffic_wb 	4987648
1.B_total_traffic_wt 	0
