P5 Printout for CS 3410
----------------------------------
Trace  		trace.2t.long.txt
Instruction Limit 	none
 *** Cache Configuration *** 
capacity   		65536 B
block_size 		    4 B
associativity 		4-way
n_set 			4096
n_cache_line 	16384
tag: 18, index: 12, offset: 2
Coherence Protocol: 	vi
lru_on_invalidate_f: 	false
Processing trace...
2 1
Processed 500000 lines.
    *** Results for Core 0 ***
0.n_cpu_accesses 	250001
0.n_loads 		192500
0.n_stores 		57501
0.n_hits 		175364
0.n_misses 		74637
0.hit_rate 		70.15
0.miss_rate 		29.85
0.n_upgrade_miss 	0
0.n_bus_snoops 	83088
0.n_snoop_hits 	4141
0.n_writebacks 	21307
Memory Traffic:
0.B_written_bus_to_cache 	298548
0.B_written_cache_to_bus_wb 	85228
0.B_written_cache_to_bus_wt 	0
0.B_total_traffic_wb 	383776
0.B_total_traffic_wt 	0
    *** Results for Core 1 ***
1.n_cpu_accesses 	249999
1.n_loads 		166714
1.n_stores 		83285
1.n_hits 		166911
1.n_misses 		83088
1.hit_rate 		66.76
1.miss_rate 		33.24
1.n_upgrade_miss 	0
1.n_bus_snoops 	74637
1.n_snoop_hits 	4039
1.n_writebacks 	38642
Memory Traffic:
1.B_written_bus_to_cache 	332352
1.B_written_cache_to_bus_wb 	154568
1.B_written_cache_to_bus_wt 	0
1.B_total_traffic_wb 	486920
1.B_total_traffic_wt 	0
