P5 Printout for CS 3410
----------------------------------
Trace  		trace.2t.long.txt
Instruction Limit 	none
 *** Cache Configuration *** 
capacity   		65536 B
block_size 		  512 B
associativity 		4-way
n_set 			32
n_cache_line 	128
tag: 18, index: 5, offset: 9
Coherence Protocol: 	vi
lru_on_invalidate_f: 	false
Processing trace...
2 1
Processed 500000 lines.
    *** Results for Core 0 ***
0.n_cpu_accesses 	250001
0.n_loads 		192500
0.n_stores 		57501
0.n_hits 		235641
0.n_misses 		14360
0.hit_rate 		94.26
0.miss_rate 		5.74
0.n_upgrade_miss 	0
0.n_bus_snoops 	14057
0.n_snoop_hits 	2809
0.n_writebacks 	3665
Memory Traffic:
0.B_written_bus_to_cache 	7352320
0.B_written_cache_to_bus_wb 	1876480
0.B_written_cache_to_bus_wt 	0
0.B_total_traffic_wb 	9228800
0.B_total_traffic_wt 	0
    *** Results for Core 1 ***
1.n_cpu_accesses 	249999
1.n_loads 		166714
1.n_stores 		83285
1.n_hits 		235942
1.n_misses 		14057
1.hit_rate 		94.38
1.miss_rate 		5.62
1.n_upgrade_miss 	0
1.n_bus_snoops 	14360
1.n_snoop_hits 	2821
1.n_writebacks 	4539
Memory Traffic:
1.B_written_bus_to_cache 	7197184
1.B_written_cache_to_bus_wb 	2323968
1.B_written_cache_to_bus_wt 	0
1.B_total_traffic_wb 	9521152
1.B_total_traffic_wt 	0
