P5 Printout for CS 3410
----------------------------------
Trace  		trace.2t.long.txt
Instruction Limit 	none
 *** Cache Configuration *** 
capacity   		65536 B
block_size 		    8 B
associativity 		4-way
n_set 			2048
n_cache_line 	8192
tag: 18, index: 11, offset: 3
Coherence Protocol: 	vi
lru_on_invalidate_f: 	false
Processing trace...
2 1
Processed 500000 lines.
    *** Results for Core 0 ***
0.n_cpu_accesses 	250001
0.n_loads 		192500
0.n_stores 		57501
0.n_hits 		192987
0.n_misses 		57014
0.hit_rate 		77.19
0.miss_rate 		22.81
0.n_upgrade_miss 	0
0.n_bus_snoops 	80945
0.n_snoop_hits 	3937
0.n_writebacks 	20398
Memory Traffic:
0.B_written_bus_to_cache 	456112
0.B_written_cache_to_bus_wb 	163184
0.B_written_cache_to_bus_wt 	0
0.B_total_traffic_wb 	619296
0.B_total_traffic_wt 	0
    *** Results for Core 1 ***
1.n_cpu_accesses 	249999
1.n_loads 		166714
1.n_stores 		83285
1.n_hits 		169054
1.n_misses 		80945
1.hit_rate 		67.62
1.miss_rate 		32.38
1.n_upgrade_miss 	0
1.n_bus_snoops 	57014
1.n_snoop_hits 	4003
1.n_writebacks 	38867
Memory Traffic:
1.B_written_bus_to_cache 	647560
1.B_written_cache_to_bus_wb 	310936
1.B_written_cache_to_bus_wt 	0
1.B_total_traffic_wb 	958496
1.B_total_traffic_wt 	0
