P5 Printout for CS 3410
----------------------------------
Trace  		trace.2t.long.txt
Instruction Limit 	none
 *** Cache Configuration *** 
capacity   		65536 B
block_size 		16384 B
associativity 		fully
n_set 			1
n_cache_line 	4
tag: 18, index: 0, offset: 14
Coherence Protocol: 	vi
lru_on_invalidate_f: 	false
Processing trace...
2 1
Processed 500000 lines.
    *** Results for Core 0 ***
0.n_cpu_accesses 	250001
0.n_loads 		192500
0.n_stores 		57501
0.n_hits 		196502
0.n_misses 		53499
0.hit_rate 		78.60
0.miss_rate 		21.40
0.n_upgrade_miss 	0
0.n_bus_snoops 	46359
0.n_snoop_hits 	1721
0.n_writebacks 	18362
Memory Traffic:
0.B_written_bus_to_cache 	876527616
0.B_written_cache_to_bus_wb 	300843008
0.B_written_cache_to_bus_wt 	0
0.B_total_traffic_wb 	1177370624
0.B_total_traffic_wt 	0
    *** Results for Core 1 ***
1.n_cpu_accesses 	249999
1.n_loads 		166714
1.n_stores 		83285
1.n_hits 		203640
1.n_misses 		46359
1.hit_rate 		81.46
1.miss_rate 		18.54
1.n_upgrade_miss 	0
1.n_bus_snoops 	53499
1.n_snoop_hits 	1773
1.n_writebacks 	17582
Memory Traffic:
1.B_written_bus_to_cache 	759545856
1.B_written_cache_to_bus_wb 	288063488
1.B_written_cache_to_bus_wt 	0
1.B_total_traffic_wb 	1047609344
1.B_total_traffic_wt 	0
