P5 Printout for CS 3410
----------------------------------
Trace  		trace.2t.long.txt
Instruction Limit 	none
 *** Cache Configuration *** 
capacity   		65536 B
block_size 		 1024 B
associativity 		4-way
n_set 			16
n_cache_line 	64
tag: 18, index: 4, offset: 10
Coherence Protocol: 	vi
lru_on_invalidate_f: 	false
Processing trace...
2 1
Processed 500000 lines.
    *** Results for Core 0 ***
0.n_cpu_accesses 	250001
0.n_loads 		192500
0.n_stores 		57501
0.n_hits 		233313
0.n_misses 		16688
0.hit_rate 		93.32
0.miss_rate 		6.68
0.n_upgrade_miss 	0
0.n_bus_snoops 	15991
0.n_snoop_hits 	3139
0.n_writebacks 	4469
Memory Traffic:
0.B_written_bus_to_cache 	17088512
0.B_written_cache_to_bus_wb 	4576256
0.B_written_cache_to_bus_wt 	0
0.B_total_traffic_wb 	21664768
0.B_total_traffic_wt 	0
    *** Results for Core 1 ***
1.n_cpu_accesses 	249999
1.n_loads 		166714
1.n_stores 		83285
1.n_hits 		234008
1.n_misses 		15991
1.hit_rate 		93.60
1.miss_rate 		6.40
1.n_upgrade_miss 	0
1.n_bus_snoops 	16688
1.n_snoop_hits 	3134
1.n_writebacks 	5289
Memory Traffic:
1.B_written_bus_to_cache 	16374784
1.B_written_cache_to_bus_wb 	5415936
1.B_written_cache_to_bus_wt 	0
1.B_total_traffic_wb 	21790720
1.B_total_traffic_wt 	0
