P5 Printout for CS 3410
----------------------------------
Trace  		trace.2t.long.txt
Instruction Limit 	none
 *** Cache Configuration *** 
capacity   		65536 B
block_size 		   32 B
associativity 		4-way
n_set 			512
n_cache_line 	2048
tag: 18, index: 9, offset: 5
Coherence Protocol: 	vi
lru_on_invalidate_f: 	false
Processing trace...
2 1
Processed 500000 lines.
    *** Results for Core 0 ***
0.n_cpu_accesses 	250001
0.n_loads 		192500
0.n_stores 		57501
0.n_hits 		226074
0.n_misses 		23927
0.hit_rate 		90.43
0.miss_rate 		9.57
0.n_upgrade_miss 	0
0.n_bus_snoops 	29334
0.n_snoop_hits 	2688
0.n_writebacks 	7110
Memory Traffic:
0.B_written_bus_to_cache 	765664
0.B_written_cache_to_bus_wb 	227520
0.B_written_cache_to_bus_wt 	0
0.B_total_traffic_wb 	993184
0.B_total_traffic_wt 	0
    *** Results for Core 1 ***
1.n_cpu_accesses 	249999
1.n_loads 		166714
1.n_stores 		83285
1.n_hits 		220665
1.n_misses 		29334
1.hit_rate 		88.27
1.miss_rate 		11.73
1.n_upgrade_miss 	0
1.n_bus_snoops 	23927
1.n_snoop_hits 	2719
1.n_writebacks 	12647
Memory Traffic:
1.B_written_bus_to_cache 	938688
1.B_written_cache_to_bus_wb 	404704
1.B_written_cache_to_bus_wt 	0
1.B_total_traffic_wb 	1343392
1.B_total_traffic_wt 	0
