P5 Printout for CS 3410
----------------------------------
Trace  		trace.2t.long.txt
Instruction Limit 	none
 *** Cache Configuration *** 
capacity   		65536 B
block_size 		 2048 B
associativity 		4-way
n_set 			8
n_cache_line 	32
tag: 18, index: 3, offset: 11
Coherence Protocol: 	vi
lru_on_invalidate_f: 	false
Processing trace...
2 1
Processed 500000 lines.
    *** Results for Core 0 ***
0.n_cpu_accesses 	250001
0.n_loads 		192500
0.n_stores 		57501
0.n_hits 		226048
0.n_misses 		23953
0.hit_rate 		90.42
0.miss_rate 		9.58
0.n_upgrade_miss 	0
0.n_bus_snoops 	20737
0.n_snoop_hits 	3066
0.n_writebacks 	6330
Memory Traffic:
0.B_written_bus_to_cache 	49055744
0.B_written_cache_to_bus_wb 	12963840
0.B_written_cache_to_bus_wt 	0
0.B_total_traffic_wb 	62019584
0.B_total_traffic_wt 	0
    *** Results for Core 1 ***
1.n_cpu_accesses 	249999
1.n_loads 		166714
1.n_stores 		83285
1.n_hits 		229262
1.n_misses 		20737
1.hit_rate 		91.71
1.miss_rate 		8.29
1.n_upgrade_miss 	0
1.n_bus_snoops 	23953
1.n_snoop_hits 	3047
1.n_writebacks 	6500
Memory Traffic:
1.B_written_bus_to_cache 	42469376
1.B_written_cache_to_bus_wb 	13312000
1.B_written_cache_to_bus_wt 	0
1.B_total_traffic_wb 	55781376
1.B_total_traffic_wt 	0
