P5 Printout for CS 3410
----------------------------------
Trace  		trace.2t.long.txt
Instruction Limit 	none
 *** Cache Configuration *** 
capacity   		65536 B
block_size 		 2048 B
associativity 		4-way
n_set 			8
n_cache_line 	32
tag: 18, index: 3, offset: 11
Coherence Protocol: 	msi
lru_on_invalidate_f: 	false
Processing trace...
2 2
Processed 500000 lines.
    *** Results for Core 0 ***
0.n_cpu_accesses 	251145
0.n_loads 		192500
0.n_stores 		58645
0.n_hits 		230415
0.n_misses 		20730
0.hit_rate 		91.75
0.miss_rate 		8.25
0.n_upgrade_miss 	2288
0.n_bus_snoops 	16611
0.n_snoop_hits 	1222
0.n_writebacks 	905
Memory Traffic:
0.B_written_bus_to_cache 	42455040
0.B_written_cache_to_bus_wb 	1853440
0.B_written_cache_to_bus_wt 	0
0.B_total_traffic_wb 	44308480
0.B_total_traffic_wt 	0
    *** Results for Core 1 ***
1.n_cpu_accesses 	251824
1.n_loads 		166714
1.n_stores 		85110
1.n_hits 		233388
1.n_misses 		18436
1.hit_rate 		92.68
1.miss_rate 		7.32
1.n_upgrade_miss 	3650
1.n_bus_snoops 	19586
1.n_snoop_hits 	1229
1.n_writebacks 	1258
Memory Traffic:
1.B_written_bus_to_cache 	37756928
1.B_written_cache_to_bus_wb 	2576384
1.B_written_cache_to_bus_wt 	0
1.B_total_traffic_wb 	40333312
1.B_total_traffic_wt 	0
