P5 Printout for CS 3410
----------------------------------
Trace  		trace.2t.long.txt
Instruction Limit 	none
 *** Cache Configuration *** 
capacity   		65536 B
block_size 		   64 B
associativity 		4-way
n_set 			256
n_cache_line 	1024
tag: 18, index: 8, offset: 6
Coherence Protocol: 	msi
lru_on_invalidate_f: 	false
Processing trace...
2 2
Processed 500000 lines.
    *** Results for Core 0 ***
0.n_cpu_accesses 	252656
0.n_loads 		192500
0.n_stores 		60156
0.n_hits 		234440
0.n_misses 		18216
0.hit_rate 		92.79
0.miss_rate 		7.21
0.n_upgrade_miss 	5310
0.n_bus_snoops 	19098
0.n_snoop_hits 	687
0.n_writebacks 	917
Memory Traffic:
0.B_written_bus_to_cache 	1165824
0.B_written_cache_to_bus_wb 	58688
0.B_written_cache_to_bus_wt 	0
0.B_total_traffic_wb 	1224512
0.B_total_traffic_wt 	0
    *** Results for Core 1 ***
1.n_cpu_accesses 	253946
1.n_loads 		166714
1.n_stores 		87232
1.n_hits 		230901
1.n_misses 		23045
1.hit_rate 		90.93
1.miss_rate 		9.07
1.n_upgrade_miss 	7894
1.n_bus_snoops 	15561
1.n_snoop_hits 	731
1.n_writebacks 	3365
Memory Traffic:
1.B_written_bus_to_cache 	1474880
1.B_written_cache_to_bus_wb 	215360
1.B_written_cache_to_bus_wt 	0
1.B_total_traffic_wb 	1690240
1.B_total_traffic_wt 	0
