P5 Printout for CS 3410
----------------------------------
Trace  		trace.2t.long.txt
Instruction Limit 	none
 *** Cache Configuration *** 
capacity   		65536 B
block_size 		 4096 B
associativity 		4-way
n_set 			4
n_cache_line 	16
tag: 18, index: 2, offset: 12
Coherence Protocol: 	msi
lru_on_invalidate_f: 	false
Processing trace...
2 2
Processed 500000 lines.
    *** Results for Core 0 ***
0.n_cpu_accesses 	252763
0.n_loads 		192500
0.n_stores 		60263
0.n_hits 		221459
0.n_misses 		31304
0.hit_rate 		87.62
0.miss_rate 		12.38
0.n_upgrade_miss 	5524
0.n_bus_snoops 	22222
0.n_snoop_hits 	1453
0.n_writebacks 	1525
Memory Traffic:
0.B_written_bus_to_cache 	128221184
0.B_written_cache_to_bus_wb 	6246400
0.B_written_cache_to_bus_wt 	0
0.B_total_traffic_wb 	134467584
0.B_total_traffic_wt 	0
    *** Results for Core 1 ***
1.n_cpu_accesses 	252965
1.n_loads 		166714
1.n_stores 		86251
1.n_hits 		227777
1.n_misses 		25188
1.hit_rate 		90.04
1.miss_rate 		9.96
1.n_upgrade_miss 	5932
1.n_bus_snoops 	28542
1.n_snoop_hits 	1865
1.n_writebacks 	1878
Memory Traffic:
1.B_written_bus_to_cache 	103170048
1.B_written_cache_to_bus_wb 	7692288
1.B_written_cache_to_bus_wt 	0
1.B_total_traffic_wb 	110862336
1.B_total_traffic_wt 	0
