P5 Printout for CS 3410
----------------------------------
Trace  		trace.2t.long.txt
Instruction Limit 	none
 *** Cache Configuration *** 
capacity   		65536 B
block_size 		  512 B
associativity 		4-way
n_set 			32
n_cache_line 	128
tag: 18, index: 5, offset: 9
Coherence Protocol: 	msi
lru_on_invalidate_f: 	false
Processing trace...
2 2
Processed 500000 lines.
    *** Results for Core 0 ***
0.n_cpu_accesses 	250001
0.n_loads 		192500
0.n_stores 		57501
0.n_hits 		236553
0.n_misses 		13448
0.hit_rate 		94.62
0.miss_rate 		5.38
0.n_upgrade_miss 	1566
0.n_bus_snoops 	13687
0.n_snoop_hits 	1600
0.n_writebacks 	4905
Memory Traffic:
0.B_written_bus_to_cache 	6885376
0.B_written_cache_to_bus_wb 	2511360
0.B_written_cache_to_bus_wt 	0
0.B_total_traffic_wb 	9396736
0.B_total_traffic_wt 	0
    *** Results for Core 1 ***
1.n_cpu_accesses 	249999
1.n_loads 		166714
1.n_stores 		83285
1.n_hits 		236312
1.n_misses 		13687
1.hit_rate 		94.53
1.miss_rate 		5.47
1.n_upgrade_miss 	2082
1.n_bus_snoops 	13448
1.n_snoop_hits 	1638
1.n_writebacks 	6449
Memory Traffic:
1.B_written_bus_to_cache 	7007744
1.B_written_cache_to_bus_wb 	3301888
1.B_written_cache_to_bus_wt 	0
1.B_total_traffic_wb 	10309632
1.B_total_traffic_wt 	0
