P5 Printout for CS 3410
----------------------------------
Trace  		trace.2t.long.txt
Instruction Limit 	none
 *** Cache Configuration *** 
capacity   		65536 B
block_size 		 8192 B
associativity 		4-way
n_set 			2
n_cache_line 	8
tag: 18, index: 1, offset: 13
Coherence Protocol: 	msi
lru_on_invalidate_f: 	false
Processing trace...
2 2
Processed 500000 lines.
    *** Results for Core 0 ***
0.n_cpu_accesses 	250001
0.n_loads 		192500
0.n_stores 		57501
0.n_hits 		207310
0.n_misses 		42691
0.hit_rate 		82.92
0.miss_rate 		17.08
0.n_upgrade_miss 	4571
0.n_bus_snoops 	37108
0.n_snoop_hits 	2206
0.n_writebacks 	17232
Memory Traffic:
0.B_written_bus_to_cache 	349724672
0.B_written_cache_to_bus_wb 	141164544
0.B_written_cache_to_bus_wt 	0
0.B_total_traffic_wb 	490889216
0.B_total_traffic_wt 	0
    *** Results for Core 1 ***
1.n_cpu_accesses 	249999
1.n_loads 		166714
1.n_stores 		83285
1.n_hits 		212891
1.n_misses 		37108
1.hit_rate 		85.16
1.miss_rate 		14.84
1.n_upgrade_miss 	5143
1.n_bus_snoops 	42691
1.n_snoop_hits 	2252
1.n_writebacks 	17084
Memory Traffic:
1.B_written_bus_to_cache 	303988736
1.B_written_cache_to_bus_wb 	139952128
1.B_written_cache_to_bus_wt 	0
1.B_total_traffic_wb 	443940864
1.B_total_traffic_wt 	0
