P5 Printout for CS 3410
----------------------------------
Trace  		trace.1t.long.txt
Instruction Limit 	none
 *** Cache Configuration *** 
capacity   		65536 B
block_size 		   32 B
associativity 		4-way
n_set 			512
n_cache_line 	2048
tag: 18, index: 9, offset: 5
Coherence Protocol: 	msi
lru_on_invalidate_f: 	false
Processing trace...
1 2
Processed 250001 lines.
    *** Results for Core 0 ***
0.n_cpu_accesses 	250001
0.n_loads 		192500
0.n_stores 		57501
0.n_hits 		225726
0.n_misses 		24275
0.hit_rate 		90.29
0.miss_rate 		9.71
0.n_upgrade_miss 	2820
0.n_bus_snoops 	0
0.n_snoop_hits 	0
0.n_writebacks 	8488
Memory Traffic:
0.B_written_bus_to_cache 	776800
0.B_written_cache_to_bus_wb 	271616
0.B_written_cache_to_bus_wt 	0
0.B_total_traffic_wb 	1048416
0.B_total_traffic_wt 	0
