P5 Printout for CS 3410
----------------------------------
Trace  		trace.2t.long.txt
Instruction Limit 	none
 *** Cache Configuration *** 
capacity   		65536 B
block_size 		  128 B
associativity 		4-way
n_set 			128
n_cache_line 	512
tag: 18, index: 7, offset: 7
Coherence Protocol: 	msi
lru_on_invalidate_f: 	false
Processing trace...
2 2
Processed 500000 lines.
    *** Results for Core 0 ***
0.n_cpu_accesses 	250001
0.n_loads 		192500
0.n_stores 		57501
0.n_hits 		234621
0.n_misses 		15380
0.hit_rate 		93.85
0.miss_rate 		6.15
0.n_upgrade_miss 	2058
0.n_bus_snoops 	17741
0.n_snoop_hits 	1461
0.n_writebacks 	6025
Memory Traffic:
0.B_written_bus_to_cache 	1968640
0.B_written_cache_to_bus_wb 	771200
0.B_written_cache_to_bus_wt 	0
0.B_total_traffic_wb 	2739840
0.B_total_traffic_wt 	0
    *** Results for Core 1 ***
1.n_cpu_accesses 	249999
1.n_loads 		166714
1.n_stores 		83285
1.n_hits 		232258
1.n_misses 		17741
1.hit_rate 		92.90
1.miss_rate 		7.10
1.n_upgrade_miss 	3034
1.n_bus_snoops 	15380
1.n_snoop_hits 	1527
1.n_writebacks 	9600
Memory Traffic:
1.B_written_bus_to_cache 	2270848
1.B_written_cache_to_bus_wb 	1228800
1.B_written_cache_to_bus_wt 	0
1.B_total_traffic_wb 	3499648
1.B_total_traffic_wt 	0
