P5 Printout for CS 3410
----------------------------------
Trace  		trace.1t.long.txt
Instruction Limit 	none
 *** Cache Configuration *** 
capacity   		65536 B
block_size 		    8 B
associativity 		4-way
n_set 			2048
n_cache_line 	8192
tag: 18, index: 11, offset: 3
Coherence Protocol: 	msi
lru_on_invalidate_f: 	false
Processing trace...
1 2
Processed 250001 lines.
    *** Results for Core 0 ***
0.n_cpu_accesses 	250001
0.n_loads 		192500
0.n_stores 		57501
0.n_hits 		192916
0.n_misses 		57085
0.hit_rate 		77.17
0.miss_rate 		22.83
0.n_upgrade_miss 	3655
0.n_bus_snoops 	0
0.n_snoop_hits 	0
0.n_writebacks 	22015
Memory Traffic:
0.B_written_bus_to_cache 	456680
0.B_written_cache_to_bus_wb 	176120
0.B_written_cache_to_bus_wt 	0
0.B_total_traffic_wb 	632800
0.B_total_traffic_wt 	0
