P5 Printout for CS 3410
----------------------------------
Trace  		trace.2t.long.txt
Instruction Limit 	none
 *** Cache Configuration *** 
capacity   		65536 B
block_size 		   32 B
associativity 		4-way
n_set 			512
n_cache_line 	2048
tag: 18, index: 9, offset: 5
Coherence Protocol: 	msi
lru_on_invalidate_f: 	false
Processing trace...
2 2
Processed 500000 lines.
    *** Results for Core 0 ***
0.n_cpu_accesses 	250001
0.n_loads 		192500
0.n_stores 		57501
0.n_hits 		228924
0.n_misses 		21077
0.hit_rate 		91.57
0.miss_rate 		8.43
0.n_upgrade_miss 	2825
0.n_bus_snoops 	26265
0.n_snoop_hits 	460
0.n_writebacks 	5834
Memory Traffic:
0.B_written_bus_to_cache 	674464
0.B_written_cache_to_bus_wb 	186688
0.B_written_cache_to_bus_wt 	0
0.B_total_traffic_wb 	861152
0.B_total_traffic_wt 	0
    *** Results for Core 1 ***
1.n_cpu_accesses 	249999
1.n_loads 		166714
1.n_stores 		83285
1.n_hits 		223734
1.n_misses 		26265
1.hit_rate 		89.49
1.miss_rate 		10.51
1.n_upgrade_miss 	4186
1.n_bus_snoops 	21077
1.n_snoop_hits 	500
1.n_writebacks 	11221
Memory Traffic:
1.B_written_bus_to_cache 	840480
1.B_written_cache_to_bus_wb 	359072
1.B_written_cache_to_bus_wt 	0
1.B_total_traffic_wb 	1199552
1.B_total_traffic_wt 	0
