P5 Printout for CS 3410
----------------------------------
Trace  		trace.2t.long.txt
Instruction Limit 	none
 *** Cache Configuration *** 
capacity   		65536 B
block_size 		  256 B
associativity 		4-way
n_set 			64
n_cache_line 	256
tag: 18, index: 6, offset: 8
Coherence Protocol: 	msi
lru_on_invalidate_f: 	false
Processing trace...
2 2
Processed 500000 lines.
    *** Results for Core 0 ***
0.n_cpu_accesses 	251280
0.n_loads 		192500
0.n_stores 		58780
0.n_hits 		238698
0.n_misses 		12582
0.hit_rate 		94.99
0.miss_rate 		5.01
0.n_upgrade_miss 	2558
0.n_bus_snoops 	11326
0.n_snoop_hits 	628
0.n_writebacks 	574
Memory Traffic:
0.B_written_bus_to_cache 	3220992
0.B_written_cache_to_bus_wb 	146944
0.B_written_cache_to_bus_wt 	0
0.B_total_traffic_wb 	3367936
0.B_total_traffic_wt 	0
    *** Results for Core 1 ***
1.n_cpu_accesses 	252024
1.n_loads 		166714
1.n_stores 		85310
1.n_hits 		238673
1.n_misses 		13351
1.hit_rate 		94.70
1.miss_rate 		5.30
1.n_upgrade_miss 	4050
1.n_bus_snoops 	11303
1.n_snoop_hits 	725
1.n_writebacks 	1220
Memory Traffic:
1.B_written_bus_to_cache 	3417856
1.B_written_cache_to_bus_wb 	312320
1.B_written_cache_to_bus_wt 	0
1.B_total_traffic_wb 	3730176
1.B_total_traffic_wt 	0
