P5 Printout for CS 3410
----------------------------------
Trace  		trace.2t.long.txt
Instruction Limit 	none
 *** Cache Configuration *** 
capacity   		65536 B
block_size 		16384 B
associativity 		fully
n_set 			1
n_cache_line 	4
tag: 18, index: 0, offset: 14
Coherence Protocol: 	msi
lru_on_invalidate_f: 	false
Processing trace...
2 2
Processed 500000 lines.
    *** Results for Core 0 ***
0.n_cpu_accesses 	255782
0.n_loads 		192500
0.n_stores 		63282
0.n_hits 		203889
0.n_misses 		51893
0.hit_rate 		79.71
0.miss_rate 		20.29
0.n_upgrade_miss 	11562
0.n_bus_snoops 	38233
0.n_snoop_hits 	1226
0.n_writebacks 	2967
Memory Traffic:
0.B_written_bus_to_cache 	850214912
0.B_written_cache_to_bus_wb 	48611328
0.B_written_cache_to_bus_wt 	0
0.B_total_traffic_wb 	898826240
0.B_total_traffic_wt 	0
    *** Results for Core 1 ***
1.n_cpu_accesses 	256153
1.n_loads 		166714
1.n_stores 		89439
1.n_hits 		211766
1.n_misses 		44387
1.hit_rate 		82.67
1.miss_rate 		17.33
1.n_upgrade_miss 	12308
1.n_bus_snoops 	46112
1.n_snoop_hits 	1562
1.n_writebacks 	2953
Memory Traffic:
1.B_written_bus_to_cache 	727236608
1.B_written_cache_to_bus_wb 	48381952
1.B_written_cache_to_bus_wt 	0
1.B_total_traffic_wb 	775618560
1.B_total_traffic_wt 	0
