P5 Printout for CS 3410
----------------------------------
Trace  		trace.1t.long.txt
Instruction Limit 	none
 *** Cache Configuration *** 
capacity   		65536 B
block_size 		   16 B
associativity 		4-way
n_set 			1024
n_cache_line 	4096
tag: 18, index: 10, offset: 4
Coherence Protocol: 	msi
lru_on_invalidate_f: 	false
Processing trace...
1 2
Processed 250001 lines.
    *** Results for Core 0 ***
0.n_cpu_accesses 	253044
0.n_loads 		192500
0.n_stores 		60544
0.n_hits 		218431
0.n_misses 		34613
0.hit_rate 		86.32
0.miss_rate 		13.68
0.n_upgrade_miss 	6086
0.n_bus_snoops 	0
0.n_snoop_hits 	0
0.n_writebacks 	2628
Memory Traffic:
0.B_written_bus_to_cache 	553808
0.B_written_cache_to_bus_wb 	42048
0.B_written_cache_to_bus_wt 	0
0.B_total_traffic_wb 	595856
0.B_total_traffic_wt 	0
