P5 Printout for CS 3410
----------------------------------
Trace  		trace.1t.long.txt
Instruction Limit 	none
 *** Cache Configuration *** 
capacity   		   64 B
block_size 		   16 B
associativity 		fully
n_set 			1
n_cache_line 	4
tag: 28, index: 0, offset: 4
Coherence Protocol: 	none
lru_on_invalidate_f: 	false
Processing trace...
1 0
Processed 250001 lines.
    *** Results for Core 0 ***
0.n_cpu_accesses 	250001
0.n_loads 		192500
0.n_stores 		57501
0.n_hits 		112730
0.n_misses 		137271
0.hit_rate 		45.09
0.miss_rate 		54.91
0.n_upgrade_miss 	0
0.n_bus_snoops 	0
0.n_snoop_hits 	0
0.n_writebacks 	35777
Memory Traffic:
0.B_written_bus_to_cache 	2196336
0.B_written_cache_to_bus_wb 	572432
0.B_written_cache_to_bus_wt 	0
0.B_total_traffic_wb 	2768768
0.B_total_traffic_wt 	0
