P5 Printout for CS 3410
----------------------------------
Trace  		trace.1t.long.txt
Instruction Limit 	none
 *** Cache Configuration *** 
capacity   		65536 B
block_size 		    4 B
associativity 		4-way
n_set 			4096
n_cache_line 	16384
tag: 18, index: 12, offset: 2
Coherence Protocol: 	msi
lru_on_invalidate_f: 	false
Processing trace...
1 2
Processed 250001 lines.
    *** Results for Core 0 ***
0.n_cpu_accesses 	250001
0.n_loads 		192500
0.n_stores 		57501
0.n_hits 		168871
0.n_misses 		81130
0.hit_rate 		67.55
0.miss_rate 		32.45
0.n_upgrade_miss 	4023
0.n_bus_snoops 	0
0.n_snoop_hits 	0
0.n_writebacks 	34902
Memory Traffic:
0.B_written_bus_to_cache 	324520
0.B_written_cache_to_bus_wb 	139608
0.B_written_cache_to_bus_wt 	0
0.B_total_traffic_wb 	464128
0.B_total_traffic_wt 	0
