P5 Printout for CS 3410
----------------------------------
Trace  		trace.2t.long.txt
Instruction Limit 	none
 *** Cache Configuration *** 
capacity   		65536 B
block_size 		    8 B
associativity 		4-way
n_set 			2048
n_cache_line 	8192
tag: 18, index: 11, offset: 3
Coherence Protocol: 	msi
lru_on_invalidate_f: 	false
Processing trace...
2 2
Processed 500000 lines.
    *** Results for Core 0 ***
0.n_cpu_accesses 	250001
0.n_loads 		192500
0.n_stores 		57501
0.n_hits 		186053
0.n_misses 		63948
0.hit_rate 		74.42
0.miss_rate 		25.58
0.n_upgrade_miss 	4019
0.n_bus_snoops 	88669
0.n_snoop_hits 	1325
0.n_writebacks 	34083
Memory Traffic:
0.B_written_bus_to_cache 	511584
0.B_written_cache_to_bus_wb 	272664
0.B_written_cache_to_bus_wt 	0
0.B_total_traffic_wb 	784248
0.B_total_traffic_wt 	0
    *** Results for Core 1 ***
1.n_cpu_accesses 	249999
1.n_loads 		166714
1.n_stores 		83285
1.n_hits 		161330
1.n_misses 		88669
1.hit_rate 		64.53
1.miss_rate 		35.47
1.n_upgrade_miss 	6217
1.n_bus_snoops 	63948
1.n_snoop_hits 	1578
1.n_writebacks 	65720
Memory Traffic:
1.B_written_bus_to_cache 	709352
1.B_written_cache_to_bus_wb 	525760
1.B_written_cache_to_bus_wt 	0
1.B_total_traffic_wb 	1235112
1.B_total_traffic_wt 	0
