P5 Printout for CS 3410
----------------------------------
Trace  		trace.2t.long.txt
Instruction Limit 	none
 *** Cache Configuration *** 
capacity   		65536 B
block_size 		    4 B
associativity 		4-way
n_set 			4096
n_cache_line 	16384
tag: 18, index: 12, offset: 2
Coherence Protocol: 	msi
lru_on_invalidate_f: 	false
Processing trace...
2 2
Processed 500000 lines.
    *** Results for Core 0 ***
0.n_cpu_accesses 	250001
0.n_loads 		192500
0.n_stores 		57501
0.n_hits 		168662
0.n_misses 		81339
0.hit_rate 		67.46
0.miss_rate 		32.54
0.n_upgrade_miss 	4067
0.n_bus_snoops 	90619
0.n_snoop_hits 	1460
0.n_writebacks 	35480
Memory Traffic:
0.B_written_bus_to_cache 	325356
0.B_written_cache_to_bus_wb 	141920
0.B_written_cache_to_bus_wt 	0
0.B_total_traffic_wb 	467276
0.B_total_traffic_wt 	0
    *** Results for Core 1 ***
1.n_cpu_accesses 	249999
1.n_loads 		166714
1.n_stores 		83285
1.n_hits 		159380
1.n_misses 		90619
1.hit_rate 		63.75
1.miss_rate 		36.25
1.n_upgrade_miss 	6273
1.n_bus_snoops 	81339
1.n_snoop_hits 	1588
1.n_writebacks 	67286
Memory Traffic:
1.B_written_bus_to_cache 	362476
1.B_written_cache_to_bus_wb 	269144
1.B_written_cache_to_bus_wt 	0
1.B_total_traffic_wb 	631620
1.B_total_traffic_wt 	0
