P5 Printout for CS 3410
----------------------------------
Trace  		trace.2t.long.txt
Instruction Limit 	none
 *** Cache Configuration *** 
capacity   		65536 B
block_size 		 8192 B
associativity 		4-way
n_set 			2
n_cache_line 	8
tag: 18, index: 1, offset: 13
Coherence Protocol: 	msi
lru_on_invalidate_f: 	false
Processing trace...
2 2
Processed 500000 lines.
    *** Results for Core 0 ***
0.n_cpu_accesses 	250001
0.n_loads 		192500
0.n_stores 		57501
0.n_hits 		160118
0.n_misses 		89883
0.hit_rate 		64.05
0.miss_rate 		35.95
0.n_upgrade_miss 	5723
0.n_bus_snoops 	75358
0.n_snoop_hits 	961
0.n_writebacks 	40450
Memory Traffic:
0.B_written_bus_to_cache 	736321536
0.B_written_cache_to_bus_wb 	331366400
0.B_written_cache_to_bus_wt 	0
0.B_total_traffic_wb 	1067687936
0.B_total_traffic_wt 	0
    *** Results for Core 1 ***
1.n_cpu_accesses 	249999
1.n_loads 		166714
1.n_stores 		83285
1.n_hits 		174641
1.n_misses 		75358
1.hit_rate 		69.86
1.miss_rate 		30.14
1.n_upgrade_miss 	7138
1.n_bus_snoops 	89883
1.n_snoop_hits 	893
1.n_writebacks 	37795
Memory Traffic:
1.B_written_bus_to_cache 	617332736
1.B_written_cache_to_bus_wb 	309616640
1.B_written_cache_to_bus_wt 	0
1.B_total_traffic_wb 	926949376
1.B_total_traffic_wt 	0
