P5 Printout for CS 3410
----------------------------------
Trace  		trace.2t.long.txt
Instruction Limit 	none
 *** Cache Configuration *** 
capacity   		65536 B
block_size 		 4096 B
associativity 		4-way
n_set 			4
n_cache_line 	16
tag: 18, index: 2, offset: 12
Coherence Protocol: 	msi
lru_on_invalidate_f: 	false
Processing trace...
2 2
Processed 500000 lines.
    *** Results for Core 0 ***
0.n_cpu_accesses 	250001
0.n_loads 		192500
0.n_stores 		57501
0.n_hits 		181079
0.n_misses 		68922
0.hit_rate 		72.43
0.miss_rate 		27.57
0.n_upgrade_miss 	5260
0.n_bus_snoops 	55234
0.n_snoop_hits 	1466
0.n_writebacks 	26755
Memory Traffic:
0.B_written_bus_to_cache 	282304512
0.B_written_cache_to_bus_wb 	109588480
0.B_written_cache_to_bus_wt 	0
0.B_total_traffic_wb 	391892992
0.B_total_traffic_wt 	0
    *** Results for Core 1 ***
1.n_cpu_accesses 	249999
1.n_loads 		166714
1.n_stores 		83285
1.n_hits 		194765
1.n_misses 		55234
1.hit_rate 		77.91
1.miss_rate 		22.09
1.n_upgrade_miss 	6457
1.n_bus_snoops 	68922
1.n_snoop_hits 	1137
1.n_writebacks 	25596
Memory Traffic:
1.B_written_bus_to_cache 	226238464
1.B_written_cache_to_bus_wb 	104841216
1.B_written_cache_to_bus_wt 	0
1.B_total_traffic_wb 	331079680
1.B_total_traffic_wt 	0
