P5 Printout for CS 3410
----------------------------------
Trace  		trace.2t.long.txt
Instruction Limit 	none
 *** Cache Configuration *** 
capacity   		65536 B
block_size 		  256 B
associativity 		4-way
n_set 			64
n_cache_line 	256
tag: 18, index: 6, offset: 8
Coherence Protocol: 	msi
lru_on_invalidate_f: 	false
Processing trace...
2 2
Processed 500000 lines.
    *** Results for Core 0 ***
0.n_cpu_accesses 	250001
0.n_loads 		192500
0.n_stores 		57501
0.n_hits 		223193
0.n_misses 		26808
0.hit_rate 		89.28
0.miss_rate 		10.72
0.n_upgrade_miss 	1944
0.n_bus_snoops 	24041
0.n_snoop_hits 	961
0.n_writebacks 	9922
Memory Traffic:
0.B_written_bus_to_cache 	6862848
0.B_written_cache_to_bus_wb 	2540032
0.B_written_cache_to_bus_wt 	0
0.B_total_traffic_wb 	9402880
0.B_total_traffic_wt 	0
    *** Results for Core 1 ***
1.n_cpu_accesses 	249999
1.n_loads 		166714
1.n_stores 		83285
1.n_hits 		225958
1.n_misses 		24041
1.hit_rate 		90.38
1.miss_rate 		9.62
1.n_upgrade_miss 	3294
1.n_bus_snoops 	26808
1.n_snoop_hits 	1242
1.n_writebacks 	11199
Memory Traffic:
1.B_written_bus_to_cache 	6154496
1.B_written_cache_to_bus_wb 	2866944
1.B_written_cache_to_bus_wt 	0
1.B_total_traffic_wb 	9021440
1.B_total_traffic_wt 	0
