P5 Printout for CS 3410
----------------------------------
Trace  		trace.2t.long.txt
Instruction Limit 	none
 *** Cache Configuration *** 
capacity   		65536 B
block_size 		 1024 B
associativity 		4-way
n_set 			16
n_cache_line 	64
tag: 18, index: 4, offset: 10
Coherence Protocol: 	msi
lru_on_invalidate_f: 	false
Processing trace...
2 2
Processed 500000 lines.
    *** Results for Core 0 ***
0.n_cpu_accesses 	250001
0.n_loads 		192500
0.n_stores 		57501
0.n_hits 		211491
0.n_misses 		38510
0.hit_rate 		84.60
0.miss_rate 		15.40
0.n_upgrade_miss 	3378
0.n_bus_snoops 	31881
0.n_snoop_hits 	1527
0.n_writebacks 	15552
Memory Traffic:
0.B_written_bus_to_cache 	39434240
0.B_written_cache_to_bus_wb 	15925248
0.B_written_cache_to_bus_wt 	0
0.B_total_traffic_wb 	55359488
0.B_total_traffic_wt 	0
    *** Results for Core 1 ***
1.n_cpu_accesses 	249999
1.n_loads 		166714
1.n_stores 		83285
1.n_hits 		218118
1.n_misses 		31881
1.hit_rate 		87.25
1.miss_rate 		12.75
1.n_upgrade_miss 	4465
1.n_bus_snoops 	38510
1.n_snoop_hits 	1603
1.n_writebacks 	14364
Memory Traffic:
1.B_written_bus_to_cache 	32646144
1.B_written_cache_to_bus_wb 	14708736
1.B_written_cache_to_bus_wt 	0
1.B_total_traffic_wb 	47354880
1.B_total_traffic_wt 	0
