P5 Printout for CS 3410
----------------------------------
Trace  		trace.1t.long.txt
Instruction Limit 	none
 *** Cache Configuration *** 
capacity   		65536 B
block_size 		16384 B
associativity 		fully
n_set 			1
n_cache_line 	4
tag: 18, index: 0, offset: 14
Coherence Protocol: 	msi
lru_on_invalidate_f: 	false
Processing trace...
1 2
Processed 250001 lines.
    *** Results for Core 0 ***
0.n_cpu_accesses 	250001
0.n_loads 		192500
0.n_stores 		57501
0.n_hits 		145744
0.n_misses 		104257
0.hit_rate 		58.30
0.miss_rate 		41.70
0.n_upgrade_miss 	5062
0.n_bus_snoops 	0
0.n_snoop_hits 	0
0.n_writebacks 	46939
Memory Traffic:
0.B_written_bus_to_cache 	1708146688
0.B_written_cache_to_bus_wb 	769048576
0.B_written_cache_to_bus_wt 	0
0.B_total_traffic_wb 	2477195264
0.B_total_traffic_wt 	0
