P5 Printout for CS 3410
----------------------------------
Trace  		trace.2t.long.txt
Instruction Limit 	none
 *** Cache Configuration *** 
capacity   		65536 B
block_size 		   32 B
associativity 		4-way
n_set 			512
n_cache_line 	2048
tag: 18, index: 9, offset: 5
Coherence Protocol: 	msi
lru_on_invalidate_f: 	false
Processing trace...
2 2
Processed 500000 lines.
    *** Results for Core 0 ***
0.n_cpu_accesses 	250001
0.n_loads 		192500
0.n_stores 		57501
0.n_hits 		219728
0.n_misses 		30273
0.hit_rate 		87.89
0.miss_rate 		12.11
0.n_upgrade_miss 	3025
0.n_bus_snoops 	35298
0.n_snoop_hits 	950
0.n_writebacks 	12128
Memory Traffic:
0.B_written_bus_to_cache 	968736
0.B_written_cache_to_bus_wb 	388096
0.B_written_cache_to_bus_wt 	0
0.B_total_traffic_wb 	1356832
0.B_total_traffic_wt 	0
    *** Results for Core 1 ***
1.n_cpu_accesses 	249999
1.n_loads 		166714
1.n_stores 		83285
1.n_hits 		214701
1.n_misses 		35298
1.hit_rate 		85.88
1.miss_rate 		14.12
1.n_upgrade_miss 	4844
1.n_bus_snoops 	30273
1.n_snoop_hits 	1122
1.n_writebacks 	21148
Memory Traffic:
1.B_written_bus_to_cache 	1129536
1.B_written_cache_to_bus_wb 	676736
1.B_written_cache_to_bus_wt 	0
1.B_total_traffic_wb 	1806272
1.B_total_traffic_wt 	0
