P5 Printout for CS 3410
----------------------------------
Trace  		trace.2t.long.txt
Instruction Limit 	none
 *** Cache Configuration *** 
capacity   		65536 B
block_size 		16384 B
associativity 		fully
n_set 			1
n_cache_line 	4
tag: 18, index: 0, offset: 14
Coherence Protocol: 	msi
lru_on_invalidate_f: 	false
Processing trace...
2 2
Processed 500000 lines.
    *** Results for Core 0 ***
0.n_cpu_accesses 	250001
0.n_loads 		192500
0.n_stores 		57501
0.n_hits 		145685
0.n_misses 		104316
0.hit_rate 		58.27
0.miss_rate 		41.73
0.n_upgrade_miss 	5090
0.n_bus_snoops 	96338
0.n_snoop_hits 	558
0.n_writebacks 	47215
Memory Traffic:
0.B_written_bus_to_cache 	1709113344
0.B_written_cache_to_bus_wb 	773570560
0.B_written_cache_to_bus_wt 	0
0.B_total_traffic_wb 	2482683904
0.B_total_traffic_wt 	0
    *** Results for Core 1 ***
1.n_cpu_accesses 	249999
1.n_loads 		166714
1.n_stores 		83285
1.n_hits 		153661
1.n_misses 		96338
1.hit_rate 		61.46
1.miss_rate 		38.54
1.n_upgrade_miss 	6977
1.n_bus_snoops 	104316
1.n_snoop_hits 	522
1.n_writebacks 	51966
Memory Traffic:
1.B_written_bus_to_cache 	1578401792
1.B_written_cache_to_bus_wb 	851410944
1.B_written_cache_to_bus_wt 	0
1.B_total_traffic_wb 	2429812736
1.B_total_traffic_wt 	0
