P5 Printout for CS 3410
----------------------------------
Trace  		trace.2t.long.txt
Instruction Limit 	none
 *** Cache Configuration *** 
capacity   		65536 B
block_size 		   64 B
associativity 		4-way
n_set 			256
n_cache_line 	1024
tag: 18, index: 8, offset: 6
Coherence Protocol: 	msi
lru_on_invalidate_f: 	false
Processing trace...
2 2
Processed 500000 lines.
    *** Results for Core 0 ***
0.n_cpu_accesses 	250001
0.n_loads 		192500
0.n_stores 		57501
0.n_hits 		223605
0.n_misses 		26396
0.hit_rate 		89.44
0.miss_rate 		10.56
0.n_upgrade_miss 	2740
0.n_bus_snoops 	28480
0.n_snoop_hits 	985
0.n_writebacks 	9718
Memory Traffic:
0.B_written_bus_to_cache 	1689344
0.B_written_cache_to_bus_wb 	621952
0.B_written_cache_to_bus_wt 	0
0.B_total_traffic_wb 	2311296
0.B_total_traffic_wt 	0
    *** Results for Core 1 ***
1.n_cpu_accesses 	249999
1.n_loads 		166714
1.n_stores 		83285
1.n_hits 		221519
1.n_misses 		28480
1.hit_rate 		88.61
1.miss_rate 		11.39
1.n_upgrade_miss 	4513
1.n_bus_snoops 	26396
1.n_snoop_hits 	1181
1.n_writebacks 	16787
Memory Traffic:
1.B_written_bus_to_cache 	1822720
1.B_written_cache_to_bus_wb 	1074368
1.B_written_cache_to_bus_wt 	0
1.B_total_traffic_wb 	2897088
1.B_total_traffic_wt 	0
