P5 Printout for CS 3410
----------------------------------
Trace  		trace.2t.long.txt
Instruction Limit 	none
 *** Cache Configuration *** 
capacity   		65536 B
block_size 		   16 B
associativity 		4-way
n_set 			1024
n_cache_line 	4096
tag: 18, index: 10, offset: 4
Coherence Protocol: 	msi
lru_on_invalidate_f: 	false
Processing trace...
2 2
Processed 500000 lines.
    *** Results for Core 0 ***
0.n_cpu_accesses 	250001
0.n_loads 		192500
0.n_stores 		57501
0.n_hits 		209944
0.n_misses 		40057
0.hit_rate 		83.98
0.miss_rate 		16.02
0.n_upgrade_miss 	3375
0.n_bus_snoops 	52056
0.n_snoop_hits 	949
0.n_writebacks 	19648
Memory Traffic:
0.B_written_bus_to_cache 	640912
0.B_written_cache_to_bus_wb 	314368
0.B_written_cache_to_bus_wt 	0
0.B_total_traffic_wb 	955280
0.B_total_traffic_wt 	0
    *** Results for Core 1 ***
1.n_cpu_accesses 	249999
1.n_loads 		166714
1.n_stores 		83285
1.n_hits 		197943
1.n_misses 		52056
1.hit_rate 		79.18
1.miss_rate 		20.82
1.n_upgrade_miss 	5246
1.n_bus_snoops 	40057
1.n_snoop_hits 	1113
1.n_writebacks 	36017
Memory Traffic:
1.B_written_bus_to_cache 	832896
1.B_written_cache_to_bus_wb 	576272
1.B_written_cache_to_bus_wt 	0
1.B_total_traffic_wb 	1409168
1.B_total_traffic_wt 	0
