P5 Printout for CS 3410
----------------------------------
Trace  		trace.2t.long.txt
Instruction Limit 	none
 *** Cache Configuration *** 
capacity   		65536 B
block_size 		 1024 B
associativity 		4-way
n_set 			16
n_cache_line 	64
tag: 18, index: 4, offset: 10
Coherence Protocol: 	msi
lru_on_invalidate_f: 	false
Processing trace...
2 2
Processed 500000 lines.
    *** Results for Core 0 ***
0.n_cpu_accesses 	250001
0.n_loads 		192500
0.n_stores 		57501
0.n_hits 		237712
0.n_misses 		12289
0.hit_rate 		95.08
0.miss_rate 		4.92
0.n_upgrade_miss 	978
0.n_bus_snoops 	11411
0.n_snoop_hits 	452
0.n_writebacks 	1720
Memory Traffic:
0.B_written_bus_to_cache 	12583936
0.B_written_cache_to_bus_wb 	1761280
0.B_written_cache_to_bus_wt 	0
0.B_total_traffic_wb 	14345216
0.B_total_traffic_wt 	0
    *** Results for Core 1 ***
1.n_cpu_accesses 	249999
1.n_loads 		166714
1.n_stores 		83285
1.n_hits 		238588
1.n_misses 		11411
1.hit_rate 		95.44
1.miss_rate 		4.56
1.n_upgrade_miss 	1684
1.n_bus_snoops 	12289
1.n_snoop_hits 	491
1.n_writebacks 	2800
Memory Traffic:
1.B_written_bus_to_cache 	11684864
1.B_written_cache_to_bus_wb 	2867200
1.B_written_cache_to_bus_wt 	0
1.B_total_traffic_wb 	14552064
1.B_total_traffic_wt 	0
