P5 Printout for CS 3410
----------------------------------
Trace  		trace.2t.long.txt
Instruction Limit 	none
 *** Cache Configuration *** 
capacity   		65536 B
block_size 		 2048 B
associativity 		4-way
n_set 			8
n_cache_line 	32
tag: 18, index: 3, offset: 11
Coherence Protocol: 	msi
lru_on_invalidate_f: 	false
Processing trace...
2 2
Processed 500000 lines.
    *** Results for Core 0 ***
0.n_cpu_accesses 	250001
0.n_loads 		192500
0.n_stores 		57501
0.n_hits 		230416
0.n_misses 		19585
0.hit_rate 		92.17
0.miss_rate 		7.83
0.n_upgrade_miss 	3169
0.n_bus_snoops 	17102
0.n_snoop_hits 	1715
0.n_writebacks 	4515
Memory Traffic:
0.B_written_bus_to_cache 	40110080
0.B_written_cache_to_bus_wb 	9246720
0.B_written_cache_to_bus_wt 	0
0.B_total_traffic_wb 	49356800
0.B_total_traffic_wt 	0
    *** Results for Core 1 ***
1.n_cpu_accesses 	249999
1.n_loads 		166714
1.n_stores 		83285
1.n_hits 		233400
1.n_misses 		16599
1.hit_rate 		93.36
1.miss_rate 		6.64
1.n_upgrade_miss 	3582
1.n_bus_snoops 	20128
1.n_snoop_hits 	1773
1.n_writebacks 	5340
Memory Traffic:
1.B_written_bus_to_cache 	33994752
1.B_written_cache_to_bus_wb 	10936320
1.B_written_cache_to_bus_wt 	0
1.B_total_traffic_wb 	44931072
1.B_total_traffic_wt 	0
