P5 Printout for CS 3410
----------------------------------
Trace  		trace.2t.long.txt
Instruction Limit 	none
 *** Cache Configuration *** 
capacity   		65536 B
block_size 		16384 B
associativity 		fully
n_set 			1
n_cache_line 	4
tag: 18, index: 0, offset: 14
Coherence Protocol: 	msi
lru_on_invalidate_f: 	false
Processing trace...
2 2
Processed 500000 lines.
    *** Results for Core 0 ***
0.n_cpu_accesses 	250001
0.n_loads 		192500
0.n_stores 		57501
0.n_hits 		203899
0.n_misses 		46102
0.hit_rate 		81.56
0.miss_rate 		18.44
0.n_upgrade_miss 	12500
0.n_bus_snoops 	38499
0.n_snoop_hits 	1499
0.n_writebacks 	15811
Memory Traffic:
0.B_written_bus_to_cache 	755335168
0.B_written_cache_to_bus_wb 	259047424
0.B_written_cache_to_bus_wt 	0
0.B_total_traffic_wb 	1014382592
0.B_total_traffic_wt 	0
    *** Results for Core 1 ***
1.n_cpu_accesses 	249999
1.n_loads 		166714
1.n_stores 		83285
1.n_hits 		211849
1.n_misses 		38150
1.hit_rate 		84.74
1.miss_rate 		15.26
1.n_upgrade_miss 	11145
1.n_bus_snoops 	46611
1.n_snoop_hits 	2068
1.n_writebacks 	14661
Memory Traffic:
1.B_written_bus_to_cache 	625049600
1.B_written_cache_to_bus_wb 	240205824
1.B_written_cache_to_bus_wt 	0
1.B_total_traffic_wb 	865255424
1.B_total_traffic_wt 	0
