P5 Printout for CS 3410
----------------------------------
Trace  		trace.2t.long.txt
Instruction Limit 	none
 *** Cache Configuration *** 
capacity   		65536 B
block_size 		    8 B
associativity 		4-way
n_set 			2048
n_cache_line 	8192
tag: 18, index: 11, offset: 3
Coherence Protocol: 	msi
lru_on_invalidate_f: 	false
Processing trace...
2 2
Processed 500000 lines.
    *** Results for Core 0 ***
0.n_cpu_accesses 	250001
0.n_loads 		192500
0.n_stores 		57501
0.n_hits 		196629
0.n_misses 		53372
0.hit_rate 		78.65
0.miss_rate 		21.35
0.n_upgrade_miss 	10032
0.n_bus_snoops 	77361
0.n_snoop_hits 	1446
0.n_writebacks 	19632
Memory Traffic:
0.B_written_bus_to_cache 	426976
0.B_written_cache_to_bus_wb 	157056
0.B_written_cache_to_bus_wt 	0
0.B_total_traffic_wb 	584032
0.B_total_traffic_wt 	0
    *** Results for Core 1 ***
1.n_cpu_accesses 	249999
1.n_loads 		166714
1.n_stores 		83285
1.n_hits 		173000
1.n_misses 		76999
1.hit_rate 		69.20
1.miss_rate 		30.80
1.n_upgrade_miss 	17412
1.n_bus_snoops 	53796
1.n_snoop_hits 	1533
1.n_writebacks 	37966
Memory Traffic:
1.B_written_bus_to_cache 	615992
1.B_written_cache_to_bus_wb 	303728
1.B_written_cache_to_bus_wt 	0
1.B_total_traffic_wb 	919720
1.B_total_traffic_wt 	0
