P5 Printout for CS 3410
----------------------------------
Trace  		trace.2t.long.txt
Instruction Limit 	none
 *** Cache Configuration *** 
capacity   		65536 B
block_size 		 8192 B
associativity 		4-way
n_set 			2
n_cache_line 	8
tag: 18, index: 1, offset: 13
Coherence Protocol: 	msi
lru_on_invalidate_f: 	false
Processing trace...
2 2
Processed 500000 lines.
    *** Results for Core 0 ***
0.n_cpu_accesses 	250001
0.n_loads 		192500
0.n_stores 		57501
0.n_hits 		214117
0.n_misses 		35884
0.hit_rate 		85.65
0.miss_rate 		14.35
0.n_upgrade_miss 	4298
0.n_bus_snoops 	29461
0.n_snoop_hits 	1374
0.n_writebacks 	11302
Memory Traffic:
0.B_written_bus_to_cache 	293961728
0.B_written_cache_to_bus_wb 	92585984
0.B_written_cache_to_bus_wt 	0
0.B_total_traffic_wb 	386547712
0.B_total_traffic_wt 	0
    *** Results for Core 1 ***
1.n_cpu_accesses 	249999
1.n_loads 		166714
1.n_stores 		83285
1.n_hits 		220538
1.n_misses 		29461
1.hit_rate 		88.22
1.miss_rate 		11.78
1.n_upgrade_miss 	4906
1.n_bus_snoops 	35884
1.n_snoop_hits 	1829
1.n_writebacks 	10582
Memory Traffic:
1.B_written_bus_to_cache 	241344512
1.B_written_cache_to_bus_wb 	86687744
1.B_written_cache_to_bus_wt 	0
1.B_total_traffic_wb 	328032256
1.B_total_traffic_wt 	0
