P5 Printout for CS 3410
----------------------------------
Trace  		trace.1t.long.txt
Instruction Limit 	none
 *** Cache Configuration *** 
capacity   		524288 B
block_size 		   64 B
associativity 		4-way
n_set 			2048
n_cache_line 	8192
tag: 15, index: 11, offset: 6
Coherence Protocol: 	none
lru_on_invalidate_f: 	false
Processing trace...
1 0
Processed 250001 lines.
    *** Results for Core 0 ***
0.n_cpu_accesses 	250001
0.n_loads 		192500
0.n_stores 		57501
0.n_hits 		237352
0.n_misses 		12649
0.hit_rate 		94.94
0.miss_rate 		5.06
0.n_upgrade_miss 	0
0.n_bus_snoops 	0
0.n_snoop_hits 	0
0.n_writebacks 	1804
Memory Traffic:
0.B_written_bus_to_cache 	809536
0.B_written_cache_to_bus_wb 	115456
0.B_written_cache_to_bus_wt 	0
0.B_total_traffic_wb 	924992
0.B_total_traffic_wt 	0
