P5 Printout for CS 3410
----------------------------------
Trace  		trace.2t.long.txt
Instruction Limit 	none
 *** Cache Configuration *** 
capacity   		65536 B
block_size 		    4 B
associativity 		4-way
n_set 			4096
n_cache_line 	16384
tag: 18, index: 12, offset: 2
Coherence Protocol: 	msi
lru_on_invalidate_f: 	false
Processing trace...
2 2
Processed 500000 lines.
    *** Results for Core 0 ***
0.n_cpu_accesses 	253618
0.n_loads 		192500
0.n_stores 		61118
0.n_hits 		179334
0.n_misses 		74284
0.hit_rate 		70.71
0.miss_rate 		29.29
0.n_upgrade_miss 	7234
0.n_bus_snoops 	78821
0.n_snoop_hits 	950
0.n_writebacks 	6410
Memory Traffic:
0.B_written_bus_to_cache 	297136
0.B_written_cache_to_bus_wb 	25640
0.B_written_cache_to_bus_wt 	0
0.B_total_traffic_wb 	322776
0.B_total_traffic_wt 	0
    *** Results for Core 1 ***
1.n_cpu_accesses 	255483
1.n_loads 		166714
1.n_stores 		88769
1.n_hits 		171178
1.n_misses 		84305
1.hit_rate 		67.00
1.miss_rate 		33.00
1.n_upgrade_miss 	10968
1.n_bus_snoops 	70667
1.n_snoop_hits 	855
1.n_writebacks 	20391
Memory Traffic:
1.B_written_bus_to_cache 	337220
1.B_written_cache_to_bus_wb 	81564
1.B_written_cache_to_bus_wt 	0
1.B_total_traffic_wb 	418784
1.B_total_traffic_wt 	0
