P5 Printout for CS 3410
----------------------------------
Trace  		trace.2t.long.txt
Instruction Limit 	none
 *** Cache Configuration *** 
capacity   		65536 B
block_size 		  256 B
associativity 		4-way
n_set 			64
n_cache_line 	256
tag: 18, index: 6, offset: 8
Coherence Protocol: 	msi
lru_on_invalidate_f: 	false
Processing trace...
2 2
Processed 500000 lines.
    *** Results for Core 0 ***
0.n_cpu_accesses 	251270
0.n_loads 		192500
0.n_stores 		58770
0.n_hits 		239041
0.n_misses 		12229
0.hit_rate 		95.13
0.miss_rate 		4.87
0.n_upgrade_miss 	2538
0.n_bus_snoops 	10987
0.n_snoop_hits 	317
0.n_writebacks 	248
Memory Traffic:
0.B_written_bus_to_cache 	3130624
0.B_written_cache_to_bus_wb 	63488
0.B_written_cache_to_bus_wt 	0
0.B_total_traffic_wb 	3194112
0.B_total_traffic_wt 	0
    *** Results for Core 1 ***
1.n_cpu_accesses 	252006
1.n_loads 		166714
1.n_stores 		85292
1.n_hits 		239012
1.n_misses 		12994
1.hit_rate 		94.84
1.miss_rate 		5.16
1.n_upgrade_miss 	4014
1.n_bus_snoops 	10960
1.n_snoop_hits 	439
1.n_writebacks 	885
Memory Traffic:
1.B_written_bus_to_cache 	3326464
1.B_written_cache_to_bus_wb 	226560
1.B_written_cache_to_bus_wt 	0
1.B_total_traffic_wb 	3553024
1.B_total_traffic_wt 	0
