P5 Printout for CS 3410
----------------------------------
Trace  		trace.2t.long.txt
Instruction Limit 	none
 *** Cache Configuration *** 
capacity   		65536 B
block_size 		    8 B
associativity 		4-way
n_set 			2048
n_cache_line 	8192
tag: 18, index: 11, offset: 3
Coherence Protocol: 	msi
lru_on_invalidate_f: 	false
Processing trace...
2 2
Processed 500000 lines.
    *** Results for Core 0 ***
0.n_cpu_accesses 	253570
0.n_loads 		192500
0.n_stores 		61070
0.n_hits 		196950
0.n_misses 		56620
0.hit_rate 		77.67
0.miss_rate 		22.33
0.n_upgrade_miss 	7138
0.n_bus_snoops 	76645
0.n_snoop_hits 	769
0.n_writebacks 	6370
Memory Traffic:
0.B_written_bus_to_cache 	452960
0.B_written_cache_to_bus_wb 	50960
0.B_written_cache_to_bus_wt 	0
0.B_total_traffic_wb 	503920
0.B_total_traffic_wt 	0
    *** Results for Core 1 ***
1.n_cpu_accesses 	255387
1.n_loads 		166714
1.n_stores 		88673
1.n_hits 		173354
1.n_misses 		82033
1.hit_rate 		67.88
1.miss_rate 		32.12
1.n_upgrade_miss 	10776
1.n_bus_snoops 	53051
1.n_snoop_hits 	828
1.n_writebacks 	20335
Memory Traffic:
1.B_written_bus_to_cache 	656264
1.B_written_cache_to_bus_wb 	162680
1.B_written_cache_to_bus_wt 	0
1.B_total_traffic_wb 	818944
1.B_total_traffic_wt 	0
