P5 Printout for CS 3410
----------------------------------
Trace  		trace.2t.long.txt
Instruction Limit 	none
 *** Cache Configuration *** 
capacity   		65536 B
block_size 		   32 B
associativity 		4-way
n_set 			512
n_cache_line 	2048
tag: 18, index: 9, offset: 5
Coherence Protocol: 	msi
lru_on_invalidate_f: 	false
Processing trace...
2 2
Processed 500000 lines.
    *** Results for Core 0 ***
0.n_cpu_accesses 	252826
0.n_loads 		192500
0.n_stores 		60326
0.n_hits 		228924
0.n_misses 		23902
0.hit_rate 		90.55
0.miss_rate 		9.45
0.n_upgrade_miss 	5650
0.n_bus_snoops 	26265
0.n_snoop_hits 	460
0.n_writebacks 	1050
Memory Traffic:
0.B_written_bus_to_cache 	764864
0.B_written_cache_to_bus_wb 	33600
0.B_written_cache_to_bus_wt 	0
0.B_total_traffic_wb 	798464
0.B_total_traffic_wt 	0
    *** Results for Core 1 ***
1.n_cpu_accesses 	254185
1.n_loads 		166714
1.n_stores 		87471
1.n_hits 		223734
1.n_misses 		30451
1.hit_rate 		88.02
1.miss_rate 		11.98
1.n_upgrade_miss 	8372
1.n_bus_snoops 	21077
1.n_snoop_hits 	500
1.n_writebacks 	4286
Memory Traffic:
1.B_written_bus_to_cache 	974432
1.B_written_cache_to_bus_wb 	137152
1.B_written_cache_to_bus_wt 	0
1.B_total_traffic_wb 	1111584
1.B_total_traffic_wt 	0
