P5 Printout for CS 3410
----------------------------------
Trace  		trace.2t.long.txt
Instruction Limit 	none
 *** Cache Configuration *** 
capacity   		65536 B
block_size 		 2048 B
associativity 		4-way
n_set 			8
n_cache_line 	32
tag: 18, index: 3, offset: 11
Coherence Protocol: 	msi
lru_on_invalidate_f: 	false
Processing trace...
2 2
Processed 500000 lines.
    *** Results for Core 0 ***
0.n_cpu_accesses 	251121
0.n_loads 		192500
0.n_stores 		58621
0.n_hits 		230781
0.n_misses 		20340
0.hit_rate 		91.90
0.miss_rate 		8.10
0.n_upgrade_miss 	2240
0.n_bus_snoops 	16079
0.n_snoop_hits 	758
0.n_writebacks 	280
Memory Traffic:
0.B_written_bus_to_cache 	41656320
0.B_written_cache_to_bus_wb 	573440
0.B_written_cache_to_bus_wt 	0
0.B_total_traffic_wb 	42229760
0.B_total_traffic_wt 	0
    *** Results for Core 1 ***
1.n_cpu_accesses 	251790
1.n_loads 		166714
1.n_stores 		85076
1.n_hits 		233920
1.n_misses 		17870
1.hit_rate 		92.90
1.miss_rate 		7.10
1.n_upgrade_miss 	3582
1.n_bus_snoops 	19220
1.n_snoop_hits 	1047
1.n_writebacks 	427
Memory Traffic:
1.B_written_bus_to_cache 	36597760
1.B_written_cache_to_bus_wb 	874496
1.B_written_cache_to_bus_wt 	0
1.B_total_traffic_wb 	37472256
1.B_total_traffic_wt 	0
