P5 Printout for CS 3410
----------------------------------
Trace  		trace.2t.long.txt
Instruction Limit 	none
 *** Cache Configuration *** 
capacity   		65536 B
block_size 		16384 B
associativity 		fully
n_set 			1
n_cache_line 	4
tag: 18, index: 0, offset: 14
Coherence Protocol: 	msi
lru_on_invalidate_f: 	false
Processing trace...
2 2
Processed 500000 lines.
    *** Results for Core 0 ***
0.n_cpu_accesses 	255680
0.n_loads 		192500
0.n_stores 		63180
0.n_hits 		204074
0.n_misses 		51606
0.hit_rate 		79.82
0.miss_rate 		20.18
0.n_upgrade_miss 	11358
0.n_bus_snoops 	37951
0.n_snoop_hits 	1056
0.n_writebacks 	2704
Memory Traffic:
0.B_written_bus_to_cache 	845512704
0.B_written_cache_to_bus_wb 	44302336
0.B_written_cache_to_bus_wt 	0
0.B_total_traffic_wb 	889815040
0.B_total_traffic_wt 	0
    *** Results for Core 1 ***
1.n_cpu_accesses 	256102
1.n_loads 		166714
1.n_stores 		89388
1.n_hits 		212048
1.n_misses 		44054
1.hit_rate 		82.80
1.miss_rate 		17.20
1.n_upgrade_miss 	12206
1.n_bus_snoops 	45927
1.n_snoop_hits 	1470
1.n_writebacks 	2767
Memory Traffic:
1.B_written_bus_to_cache 	721780736
1.B_written_cache_to_bus_wb 	45334528
1.B_written_cache_to_bus_wt 	0
1.B_total_traffic_wb 	767115264
1.B_total_traffic_wt 	0
