P5 Printout for CS 3410
----------------------------------
Trace  		trace.2t.long.txt
Instruction Limit 	none
 *** Cache Configuration *** 
capacity   		65536 B
block_size 		 8192 B
associativity 		4-way
n_set 			2
n_cache_line 	8
tag: 18, index: 1, offset: 13
Coherence Protocol: 	msi
lru_on_invalidate_f: 	false
Processing trace...
2 2
Processed 500000 lines.
    *** Results for Core 0 ***
0.n_cpu_accesses 	254299
0.n_loads 		192500
0.n_stores 		61799
0.n_hits 		214117
0.n_misses 		40182
0.hit_rate 		84.20
0.miss_rate 		15.80
0.n_upgrade_miss 	8596
0.n_bus_snoops 	29461
0.n_snoop_hits 	1374
0.n_writebacks 	2009
Memory Traffic:
0.B_written_bus_to_cache 	329170944
0.B_written_cache_to_bus_wb 	16457728
0.B_written_cache_to_bus_wt 	0
0.B_total_traffic_wb 	345628672
0.B_total_traffic_wt 	0
    *** Results for Core 1 ***
1.n_cpu_accesses 	254905
1.n_loads 		166714
1.n_stores 		88191
1.n_hits 		220538
1.n_misses 		34367
1.hit_rate 		86.52
1.miss_rate 		13.48
1.n_upgrade_miss 	9812
1.n_bus_snoops 	35884
1.n_snoop_hits 	1829
1.n_writebacks 	2109
Memory Traffic:
1.B_written_bus_to_cache 	281534464
1.B_written_cache_to_bus_wb 	17276928
1.B_written_cache_to_bus_wt 	0
1.B_total_traffic_wb 	298811392
1.B_total_traffic_wt 	0
