P5 Printout for CS 3410
----------------------------------
Trace  		trace.2t.long.txt
Instruction Limit 	none
 *** Cache Configuration *** 
capacity   		65536 B
block_size 		  512 B
associativity 		4-way
n_set 			32
n_cache_line 	128
tag: 18, index: 5, offset: 9
Coherence Protocol: 	vi
lru_on_invalidate_f: 	false
Processing trace...
2 1
Processed 500000 lines.
    *** Results for Core 0 ***
0.n_cpu_accesses 	250001
0.n_loads 		192500
0.n_stores 		57501
0.n_hits 		235674
0.n_misses 		14327
0.hit_rate 		94.27
0.miss_rate 		5.73
0.n_upgrade_miss 	0
0.n_bus_snoops 	14064
0.n_snoop_hits 	2773
0.n_writebacks 	3283
Memory Traffic:
0.B_written_bus_to_cache 	7335424
0.B_written_cache_to_bus_wb 	1680896
0.B_written_cache_to_bus_wt 	0
0.B_total_traffic_wb 	9016320
0.B_total_traffic_wt 	0
    *** Results for Core 1 ***
1.n_cpu_accesses 	249999
1.n_loads 		166714
1.n_stores 		83285
1.n_hits 		235935
1.n_misses 		14064
1.hit_rate 		94.37
1.miss_rate 		5.63
1.n_upgrade_miss 	0
1.n_bus_snoops 	14327
1.n_snoop_hits 	2696
1.n_writebacks 	4251
Memory Traffic:
1.B_written_bus_to_cache 	7200768
1.B_written_cache_to_bus_wb 	2176512
1.B_written_cache_to_bus_wt 	0
1.B_total_traffic_wb 	9377280
1.B_total_traffic_wt 	0
