P5 Printout for CS 3410
----------------------------------
Trace  		trace.2t.long.txt
Instruction Limit 	none
 *** Cache Configuration *** 
capacity   		65536 B
block_size 		 2048 B
associativity 		4-way
n_set 			8
n_cache_line 	32
tag: 18, index: 3, offset: 11
Coherence Protocol: 	vi
lru_on_invalidate_f: 	false
Processing trace...
2 1
Processed 500000 lines.
    *** Results for Core 0 ***
0.n_cpu_accesses 	250001
0.n_loads 		192500
0.n_stores 		57501
0.n_hits 		225116
0.n_misses 		24885
0.hit_rate 		90.05
0.miss_rate 		9.95
0.n_upgrade_miss 	0
0.n_bus_snoops 	21398
0.n_snoop_hits 	3195
0.n_writebacks 	6387
Memory Traffic:
0.B_written_bus_to_cache 	50964480
0.B_written_cache_to_bus_wb 	13080576
0.B_written_cache_to_bus_wt 	0
0.B_total_traffic_wb 	64045056
0.B_total_traffic_wt 	0
    *** Results for Core 1 ***
1.n_cpu_accesses 	249999
1.n_loads 		166714
1.n_stores 		83285
1.n_hits 		228601
1.n_misses 		21398
1.hit_rate 		91.44
1.miss_rate 		8.56
1.n_upgrade_miss 	0
1.n_bus_snoops 	24885
1.n_snoop_hits 	3979
1.n_writebacks 	6613
Memory Traffic:
1.B_written_bus_to_cache 	43823104
1.B_written_cache_to_bus_wb 	13543424
1.B_written_cache_to_bus_wt 	0
1.B_total_traffic_wb 	57366528
1.B_total_traffic_wt 	0
