P5 Printout for CS 3410
----------------------------------
Trace  		trace.2t.long.txt
Instruction Limit 	none
 *** Cache Configuration *** 
capacity   		65536 B
block_size 		   64 B
associativity 		4-way
n_set 			256
n_cache_line 	1024
tag: 18, index: 8, offset: 6
Coherence Protocol: 	vi
lru_on_invalidate_f: 	false
Processing trace...
2 1
Processed 500000 lines.
    *** Results for Core 0 ***
0.n_cpu_accesses 	250001
0.n_loads 		192500
0.n_stores 		57501
0.n_hits 		232489
0.n_misses 		17512
0.hit_rate 		93.00
0.miss_rate 		7.00
0.n_upgrade_miss 	0
0.n_bus_snoops 	21279
0.n_snoop_hits 	1784
0.n_writebacks 	4964
Memory Traffic:
0.B_written_bus_to_cache 	1120768
0.B_written_cache_to_bus_wb 	317696
0.B_written_cache_to_bus_wt 	0
0.B_total_traffic_wb 	1438464
0.B_total_traffic_wt 	0
    *** Results for Core 1 ***
1.n_cpu_accesses 	249999
1.n_loads 		166714
1.n_stores 		83285
1.n_hits 		228720
1.n_misses 		21279
1.hit_rate 		91.49
1.miss_rate 		8.51
1.n_upgrade_miss 	0
1.n_bus_snoops 	17512
1.n_snoop_hits 	1801
1.n_writebacks 	9598
Memory Traffic:
1.B_written_bus_to_cache 	1361856
1.B_written_cache_to_bus_wb 	614272
1.B_written_cache_to_bus_wt 	0
1.B_total_traffic_wb 	1976128
1.B_total_traffic_wt 	0
