P5 Printout for CS 3410
----------------------------------
Trace  		trace.2t.long.txt
Instruction Limit 	none
 *** Cache Configuration *** 
capacity   		65536 B
block_size 		    8 B
associativity 		4-way
n_set 			2048
n_cache_line 	8192
tag: 18, index: 11, offset: 3
Coherence Protocol: 	vi
lru_on_invalidate_f: 	false
Processing trace...
2 1
Processed 500000 lines.
    *** Results for Core 0 ***
0.n_cpu_accesses 	250001
0.n_loads 		192500
0.n_stores 		57501
0.n_hits 		193812
0.n_misses 		56189
0.hit_rate 		77.52
0.miss_rate 		22.48
0.n_upgrade_miss 	0
0.n_bus_snoops 	80888
0.n_snoop_hits 	2078
0.n_writebacks 	20311
Memory Traffic:
0.B_written_bus_to_cache 	449512
0.B_written_cache_to_bus_wb 	162488
0.B_written_cache_to_bus_wt 	0
0.B_total_traffic_wb 	612000
0.B_total_traffic_wt 	0
    *** Results for Core 1 ***
1.n_cpu_accesses 	249999
1.n_loads 		166714
1.n_stores 		83285
1.n_hits 		169111
1.n_misses 		80888
1.hit_rate 		67.64
1.miss_rate 		32.36
1.n_upgrade_miss 	0
1.n_bus_snoops 	56189
1.n_snoop_hits 	2128
1.n_writebacks 	40913
Memory Traffic:
1.B_written_bus_to_cache 	647104
1.B_written_cache_to_bus_wb 	327304
1.B_written_cache_to_bus_wt 	0
1.B_total_traffic_wb 	974408
1.B_total_traffic_wt 	0
