P5 Printout for CS 3410
----------------------------------
Trace  		trace.2t.long.txt
Instruction Limit 	none
 *** Cache Configuration *** 
capacity   		65536 B
block_size 		   32 B
associativity 		4-way
n_set 			512
n_cache_line 	2048
tag: 18, index: 9, offset: 5
Coherence Protocol: 	vi
lru_on_invalidate_f: 	false
Processing trace...
2 1
Processed 500000 lines.
    *** Results for Core 0 ***
0.n_cpu_accesses 	250001
0.n_loads 		192500
0.n_stores 		57501
0.n_hits 		226572
0.n_misses 		23429
0.hit_rate 		90.63
0.miss_rate 		9.37
0.n_upgrade_miss 	0
0.n_bus_snoops 	29141
0.n_snoop_hits 	1861
0.n_writebacks 	6982
Memory Traffic:
0.B_written_bus_to_cache 	749728
0.B_written_cache_to_bus_wb 	223424
0.B_written_cache_to_bus_wt 	0
0.B_total_traffic_wb 	973152
0.B_total_traffic_wt 	0
    *** Results for Core 1 ***
1.n_cpu_accesses 	249999
1.n_loads 		166714
1.n_stores 		83285
1.n_hits 		220858
1.n_misses 		29141
1.hit_rate 		88.34
1.miss_rate 		11.66
1.n_upgrade_miss 	0
1.n_bus_snoops 	23429
1.n_snoop_hits 	1822
1.n_writebacks 	12811
Memory Traffic:
1.B_written_bus_to_cache 	932512
1.B_written_cache_to_bus_wb 	409952
1.B_written_cache_to_bus_wt 	0
1.B_total_traffic_wb 	1342464
1.B_total_traffic_wt 	0
