P5 Printout for CS 3410
----------------------------------
Trace  		trace.2t.long.txt
Instruction Limit 	none
 *** Cache Configuration *** 
capacity   		65536 B
block_size 		16384 B
associativity 		fully
n_set 			1
n_cache_line 	4
tag: 18, index: 0, offset: 14
Coherence Protocol: 	vi
lru_on_invalidate_f: 	false
Processing trace...
2 1
Processed 500000 lines.
    *** Results for Core 0 ***
0.n_cpu_accesses 	250001
0.n_loads 		192500
0.n_stores 		57501
0.n_hits 		192975
0.n_misses 		57026
0.hit_rate 		77.19
0.miss_rate 		22.81
0.n_upgrade_miss 	0
0.n_bus_snoops 	50417
0.n_snoop_hits 	3038
0.n_writebacks 	18781
Memory Traffic:
0.B_written_bus_to_cache 	934313984
0.B_written_cache_to_bus_wb 	307707904
0.B_written_cache_to_bus_wt 	0
0.B_total_traffic_wb 	1242021888
0.B_total_traffic_wt 	0
    *** Results for Core 1 ***
1.n_cpu_accesses 	249999
1.n_loads 		166714
1.n_stores 		83285
1.n_hits 		199582
1.n_misses 		50417
1.hit_rate 		79.83
1.miss_rate 		20.17
1.n_upgrade_miss 	0
1.n_bus_snoops 	57026
1.n_snoop_hits 	3224
1.n_writebacks 	18434
Memory Traffic:
1.B_written_bus_to_cache 	826032128
1.B_written_cache_to_bus_wb 	302022656
1.B_written_cache_to_bus_wt 	0
1.B_total_traffic_wb 	1128054784
1.B_total_traffic_wt 	0
