P5 Printout for CS 3410
----------------------------------
Trace  		trace.2t.long.txt
Instruction Limit 	none
 *** Cache Configuration *** 
capacity   		65536 B
block_size 		  256 B
associativity 		4-way
n_set 			64
n_cache_line 	256
tag: 18, index: 6, offset: 8
Coherence Protocol: 	vi
lru_on_invalidate_f: 	false
Processing trace...
2 1
Processed 500000 lines.
    *** Results for Core 0 ***
0.n_cpu_accesses 	250001
0.n_loads 		192500
0.n_stores 		57501
0.n_hits 		236376
0.n_misses 		13625
0.hit_rate 		94.55
0.miss_rate 		5.45
0.n_upgrade_miss 	0
0.n_bus_snoops 	13939
0.n_snoop_hits 	2428
0.n_writebacks 	3452
Memory Traffic:
0.B_written_bus_to_cache 	3488000
0.B_written_cache_to_bus_wb 	883712
0.B_written_cache_to_bus_wt 	0
0.B_total_traffic_wb 	4371712
0.B_total_traffic_wt 	0
    *** Results for Core 1 ***
1.n_cpu_accesses 	249999
1.n_loads 		166714
1.n_stores 		83285
1.n_hits 		236060
1.n_misses 		13939
1.hit_rate 		94.42
1.miss_rate 		5.58
1.n_upgrade_miss 	0
1.n_bus_snoops 	13625
1.n_snoop_hits 	2397
1.n_writebacks 	5127
Memory Traffic:
1.B_written_bus_to_cache 	3568384
1.B_written_cache_to_bus_wb 	1312512
1.B_written_cache_to_bus_wt 	0
1.B_total_traffic_wb 	4880896
1.B_total_traffic_wt 	0
