P5 Printout for CS 3410
----------------------------------
Trace  		trace.2t.long.txt
Instruction Limit 	none
 *** Cache Configuration *** 
capacity   		65536 B
block_size 		  256 B
associativity 		4-way
n_set 			64
n_cache_line 	256
tag: 18, index: 6, offset: 8
Coherence Protocol: 	msi
lru_on_invalidate_f: 	false
Processing trace...
2 2
Processed 500000 lines.
    *** Results for Core 0 ***
0.n_cpu_accesses 	250001
0.n_loads 		192500
0.n_stores 		57501
0.n_hits 		236388
0.n_misses 		13613
0.hit_rate 		94.55
0.miss_rate 		5.45
0.n_upgrade_miss 	1603
0.n_bus_snoops 	14692
0.n_snoop_hits 	1446
0.n_writebacks 	2761
Memory Traffic:
0.B_written_bus_to_cache 	3484928
0.B_written_cache_to_bus_wb 	706816
0.B_written_cache_to_bus_wt 	0
0.B_total_traffic_wb 	4191744
0.B_total_traffic_wt 	0
    *** Results for Core 1 ***
1.n_cpu_accesses 	249999
1.n_loads 		166714
1.n_stores 		83285
1.n_hits 		235307
1.n_misses 		14692
1.hit_rate 		94.12
1.miss_rate 		5.88
1.n_upgrade_miss 	2301
1.n_bus_snoops 	13613
1.n_snoop_hits 	1497
1.n_writebacks 	4330
Memory Traffic:
1.B_written_bus_to_cache 	3761152
1.B_written_cache_to_bus_wb 	1108480
1.B_written_cache_to_bus_wt 	0
1.B_total_traffic_wb 	4869632
1.B_total_traffic_wt 	0
