P5 Printout for CS 3410
----------------------------------
Trace  		trace.2t.long.txt
Instruction Limit 	none
 *** Cache Configuration *** 
capacity   		65536 B
block_size 		  128 B
associativity 		4-way
n_set 			128
n_cache_line 	512
tag: 18, index: 7, offset: 7
Coherence Protocol: 	msi
lru_on_invalidate_f: 	false
Processing trace...
2 2
Processed 500000 lines.
    *** Results for Core 0 ***
0.n_cpu_accesses 	250001
0.n_loads 		192500
0.n_stores 		57501
0.n_hits 		234731
0.n_misses 		15270
0.hit_rate 		93.89
0.miss_rate 		6.11
0.n_upgrade_miss 	2035
0.n_bus_snoops 	17946
0.n_snoop_hits 	1452
0.n_writebacks 	3253
Memory Traffic:
0.B_written_bus_to_cache 	1954560
0.B_written_cache_to_bus_wb 	416384
0.B_written_cache_to_bus_wt 	0
0.B_total_traffic_wb 	2370944
0.B_total_traffic_wt 	0
    *** Results for Core 1 ***
1.n_cpu_accesses 	249999
1.n_loads 		166714
1.n_stores 		83285
1.n_hits 		232053
1.n_misses 		17946
1.hit_rate 		92.82
1.miss_rate 		7.18
1.n_upgrade_miss 	2987
1.n_bus_snoops 	15270
1.n_snoop_hits 	1516
1.n_writebacks 	5836
Memory Traffic:
1.B_written_bus_to_cache 	2297088
1.B_written_cache_to_bus_wb 	747008
1.B_written_cache_to_bus_wt 	0
1.B_total_traffic_wb 	3044096
1.B_total_traffic_wt 	0
