P5 Printout for CS 3410
----------------------------------
Trace  		trace.2t.long.txt
Instruction Limit 	none
 *** Cache Configuration *** 
capacity   		65536 B
block_size 		    8 B
associativity 		4-way
n_set 			2048
n_cache_line 	8192
tag: 18, index: 11, offset: 3
Coherence Protocol: 	msi
lru_on_invalidate_f: 	false
Processing trace...
2 2
Processed 500000 lines.
    *** Results for Core 0 ***
0.n_cpu_accesses 	250001
0.n_loads 		192500
0.n_stores 		57501
0.n_hits 		191036
0.n_misses 		58965
0.hit_rate 		76.41
0.miss_rate 		23.59
0.n_upgrade_miss 	3602
0.n_bus_snoops 	83315
0.n_snoop_hits 	2214
0.n_writebacks 	19449
Memory Traffic:
0.B_written_bus_to_cache 	471720
0.B_written_cache_to_bus_wb 	155592
0.B_written_cache_to_bus_wt 	0
0.B_total_traffic_wb 	627312
0.B_total_traffic_wt 	0
    *** Results for Core 1 ***
1.n_cpu_accesses 	249999
1.n_loads 		166714
1.n_stores 		83285
1.n_hits 		166684
1.n_misses 		83315
1.hit_rate 		66.67
1.miss_rate 		33.33
1.n_upgrade_miss 	5081
1.n_bus_snoops 	58965
1.n_snoop_hits 	2244
1.n_writebacks 	36017
Memory Traffic:
1.B_written_bus_to_cache 	666520
1.B_written_cache_to_bus_wb 	288136
1.B_written_cache_to_bus_wt 	0
1.B_total_traffic_wb 	954656
1.B_total_traffic_wt 	0
