P5 Printout for CS 3410
----------------------------------
Trace  		trace.2t.long.txt
Instruction Limit 	none
 *** Cache Configuration *** 
capacity   		65536 B
block_size 		   32 B
associativity 		4-way
n_set 			512
n_cache_line 	2048
tag: 18, index: 9, offset: 5
Coherence Protocol: 	msi
lru_on_invalidate_f: 	false
Processing trace...
2 2
Processed 500000 lines.
    *** Results for Core 0 ***
0.n_cpu_accesses 	250001
0.n_loads 		192500
0.n_stores 		57501
0.n_hits 		224867
0.n_misses 		25134
0.hit_rate 		89.95
0.miss_rate 		10.05
0.n_upgrade_miss 	3021
0.n_bus_snoops 	31966
0.n_snoop_hits 	1518
0.n_writebacks 	6291
Memory Traffic:
0.B_written_bus_to_cache 	804288
0.B_written_cache_to_bus_wb 	201312
0.B_written_cache_to_bus_wt 	0
0.B_total_traffic_wb 	1005600
0.B_total_traffic_wt 	0
    *** Results for Core 1 ***
1.n_cpu_accesses 	249999
1.n_loads 		166714
1.n_stores 		83285
1.n_hits 		218033
1.n_misses 		31966
1.hit_rate 		87.21
1.miss_rate 		12.79
1.n_upgrade_miss 	4445
1.n_bus_snoops 	25134
1.n_snoop_hits 	1390
1.n_writebacks 	11726
Memory Traffic:
1.B_written_bus_to_cache 	1022912
1.B_written_cache_to_bus_wb 	375232
1.B_written_cache_to_bus_wt 	0
1.B_total_traffic_wb 	1398144
1.B_total_traffic_wt 	0
