P5 Printout for CS 3410
----------------------------------
Trace  		trace.2t.long.txt
Instruction Limit 	none
 *** Cache Configuration *** 
capacity   		65536 B
block_size 		   64 B
associativity 		4-way
n_set 			256
n_cache_line 	1024
tag: 18, index: 8, offset: 6
Coherence Protocol: 	msi
lru_on_invalidate_f: 	false
Processing trace...
2 2
Processed 500000 lines.
    *** Results for Core 0 ***
0.n_cpu_accesses 	250001
0.n_loads 		192500
0.n_stores 		57501
0.n_hits 		230850
0.n_misses 		19151
0.hit_rate 		92.34
0.miss_rate 		7.66
0.n_upgrade_miss 	2842
0.n_bus_snoops 	24302
0.n_snoop_hits 	1465
0.n_writebacks 	4268
Memory Traffic:
0.B_written_bus_to_cache 	1225664
0.B_written_cache_to_bus_wb 	273152
0.B_written_cache_to_bus_wt 	0
0.B_total_traffic_wb 	1498816
0.B_total_traffic_wt 	0
    *** Results for Core 1 ***
1.n_cpu_accesses 	249999
1.n_loads 		166714
1.n_stores 		83285
1.n_hits 		225697
1.n_misses 		24302
1.hit_rate 		90.28
1.miss_rate 		9.72
1.n_upgrade_miss 	4165
1.n_bus_snoops 	19151
1.n_snoop_hits 	1426
1.n_writebacks 	8720
Memory Traffic:
1.B_written_bus_to_cache 	1555328
1.B_written_cache_to_bus_wb 	558080
1.B_written_cache_to_bus_wt 	0
1.B_total_traffic_wb 	2113408
1.B_total_traffic_wt 	0
