P5 Printout for CS 3410
----------------------------------
Trace  		trace.2t.long.txt
Instruction Limit 	none
 *** Cache Configuration *** 
capacity   		65536 B
block_size 		   16 B
associativity 		4-way
n_set 			1024
n_cache_line 	4096
tag: 18, index: 10, offset: 4
Coherence Protocol: 	msi
lru_on_invalidate_f: 	false
Processing trace...
2 2
Processed 500000 lines.
    *** Results for Core 0 ***
0.n_cpu_accesses 	250001
0.n_loads 		192500
0.n_stores 		57501
0.n_hits 		213871
0.n_misses 		36130
0.hit_rate 		85.55
0.miss_rate 		14.45
0.n_upgrade_miss 	3287
0.n_bus_snoops 	49180
0.n_snoop_hits 	1761
0.n_writebacks 	10634
Memory Traffic:
0.B_written_bus_to_cache 	578080
0.B_written_cache_to_bus_wb 	170144
0.B_written_cache_to_bus_wt 	0
0.B_total_traffic_wb 	748224
0.B_total_traffic_wt 	0
    *** Results for Core 1 ***
1.n_cpu_accesses 	249999
1.n_loads 		166714
1.n_stores 		83285
1.n_hits 		200819
1.n_misses 		49180
1.hit_rate 		80.33
1.miss_rate 		19.67
1.n_upgrade_miss 	4829
1.n_bus_snoops 	36130
1.n_snoop_hits 	1571
1.n_writebacks 	20275
Memory Traffic:
1.B_written_bus_to_cache 	786880
1.B_written_cache_to_bus_wb 	324400
1.B_written_cache_to_bus_wt 	0
1.B_total_traffic_wb 	1111280
1.B_total_traffic_wt 	0
