P5 Printout for CS 3410
----------------------------------
Trace  		trace.1t.long.txt
Instruction Limit 	none
 *** Cache Configuration *** 
capacity   		65536 B
block_size 		 8192 B
associativity 		4-way
n_set 			2
n_cache_line 	8
tag: 18, index: 1, offset: 13
Coherence Protocol: 	msi
lru_on_invalidate_f: 	false
Processing trace...
1 2
Processed 250001 lines.
    *** Results for Core 0 ***
0.n_cpu_accesses 	250001
0.n_loads 		192500
0.n_stores 		57501
0.n_hits 		207194
0.n_misses 		42807
0.hit_rate 		82.88
0.miss_rate 		17.12
0.n_upgrade_miss 	4101
0.n_bus_snoops 	0
0.n_snoop_hits 	0
0.n_writebacks 	11233
Memory Traffic:
0.B_written_bus_to_cache 	350674944
0.B_written_cache_to_bus_wb 	92020736
0.B_written_cache_to_bus_wt 	0
0.B_total_traffic_wb 	442695680
0.B_total_traffic_wt 	0
