P5 Printout for CS 3410
----------------------------------
Trace  		trace.2t.long.txt
Instruction Limit 	none
 *** Cache Configuration *** 
capacity   		65536 B
block_size 		 2048 B
associativity 		4-way
n_set 			8
n_cache_line 	32
tag: 18, index: 3, offset: 11
Coherence Protocol: 	msi
lru_on_invalidate_f: 	false
Processing trace...
2 2
Processed 500000 lines.
    *** Results for Core 0 ***
0.n_cpu_accesses 	250001
0.n_loads 		192500
0.n_stores 		57501
0.n_hits 		227316
0.n_misses 		22685
0.hit_rate 		90.93
0.miss_rate 		9.07
0.n_upgrade_miss 	1842
0.n_bus_snoops 	20360
0.n_snoop_hits 	2434
0.n_writebacks 	2438
Memory Traffic:
0.B_written_bus_to_cache 	46458880
0.B_written_cache_to_bus_wb 	4993024
0.B_written_cache_to_bus_wt 	0
0.B_total_traffic_wb 	51451904
0.B_total_traffic_wt 	0
    *** Results for Core 1 ***
1.n_cpu_accesses 	249999
1.n_loads 		166714
1.n_stores 		83285
1.n_hits 		229639
1.n_misses 		20360
1.hit_rate 		91.86
1.miss_rate 		8.14
1.n_upgrade_miss 	2289
1.n_bus_snoops 	22685
1.n_snoop_hits 	2411
1.n_writebacks 	2637
Memory Traffic:
1.B_written_bus_to_cache 	41697280
1.B_written_cache_to_bus_wb 	5400576
1.B_written_cache_to_bus_wt 	0
1.B_total_traffic_wb 	47097856
1.B_total_traffic_wt 	0
