P5 Printout for CS 3410
----------------------------------
Trace  		trace.2t.long.txt
Instruction Limit 	none
 *** Cache Configuration *** 
capacity   		65536 B
block_size 		16384 B
associativity 		fully
n_set 			1
n_cache_line 	4
tag: 18, index: 0, offset: 14
Coherence Protocol: 	msi
lru_on_invalidate_f: 	false
Processing trace...
2 2
Processed 500000 lines.
    *** Results for Core 0 ***
0.n_cpu_accesses 	250001
0.n_loads 		192500
0.n_stores 		57501
0.n_hits 		197813
0.n_misses 		52188
0.hit_rate 		79.12
0.miss_rate 		20.88
0.n_upgrade_miss 	5853
0.n_bus_snoops 	44813
0.n_snoop_hits 	1703
0.n_writebacks 	15144
Memory Traffic:
0.B_written_bus_to_cache 	855048192
0.B_written_cache_to_bus_wb 	248119296
0.B_written_cache_to_bus_wt 	0
0.B_total_traffic_wb 	1103167488
0.B_total_traffic_wt 	0
    *** Results for Core 1 ***
1.n_cpu_accesses 	249999
1.n_loads 		166714
1.n_stores 		83285
1.n_hits 		205186
1.n_misses 		44813
1.hit_rate 		82.07
1.miss_rate 		17.93
1.n_upgrade_miss 	6232
1.n_bus_snoops 	52188
1.n_snoop_hits 	2022
1.n_writebacks 	13716
Memory Traffic:
1.B_written_bus_to_cache 	734216192
1.B_written_cache_to_bus_wb 	224722944
1.B_written_cache_to_bus_wt 	0
1.B_total_traffic_wb 	958939136
1.B_total_traffic_wt 	0
