P5 Printout for CS 3410
----------------------------------
Trace  		trace.2t.long.txt
Instruction Limit 	none
 *** Cache Configuration *** 
capacity   		65536 B
block_size 		 8192 B
associativity 		4-way
n_set 			2
n_cache_line 	8
tag: 18, index: 1, offset: 13
Coherence Protocol: 	msi
lru_on_invalidate_f: 	false
Processing trace...
2 2
Processed 500000 lines.
    *** Results for Core 0 ***
0.n_cpu_accesses 	250001
0.n_loads 		192500
0.n_stores 		57501
0.n_hits 		208956
0.n_misses 		41045
0.hit_rate 		83.58
0.miss_rate 		16.42
0.n_upgrade_miss 	4485
0.n_bus_snoops 	35280
0.n_snoop_hits 	2266
0.n_writebacks 	11332
Memory Traffic:
0.B_written_bus_to_cache 	336240640
0.B_written_cache_to_bus_wb 	92831744
0.B_written_cache_to_bus_wt 	0
0.B_total_traffic_wb 	429072384
0.B_total_traffic_wt 	0
    *** Results for Core 1 ***
1.n_cpu_accesses 	249999
1.n_loads 		166714
1.n_stores 		83285
1.n_hits 		214719
1.n_misses 		35280
1.hit_rate 		85.89
1.miss_rate 		14.11
1.n_upgrade_miss 	5034
1.n_bus_snoops 	41045
1.n_snoop_hits 	2364
1.n_writebacks 	10510
Memory Traffic:
1.B_written_bus_to_cache 	289013760
1.B_written_cache_to_bus_wb 	86097920
1.B_written_cache_to_bus_wt 	0
1.B_total_traffic_wb 	375111680
1.B_total_traffic_wt 	0
