P5 Printout for CS 3410
----------------------------------
Trace  		trace.1t.long.txt
Instruction Limit 	none
 *** Cache Configuration *** 
capacity   		65536 B
block_size 		   64 B
associativity 		2-way
n_set 			512
n_cache_line 	1024
tag: 17, index: 9, offset: 6
Coherence Protocol: 	none
lru_on_invalidate_f: 	false
Processing trace...
1 0
Processed 250001 lines.
    *** Results for Core 0 ***
0.n_cpu_accesses 	250001
0.n_loads 		192500
0.n_stores 		57501
0.n_hits 		234568
0.n_misses 		15433
0.hit_rate 		93.83
0.miss_rate 		6.17
0.n_upgrade_miss 	0
0.n_bus_snoops 	0
0.n_snoop_hits 	0
0.n_writebacks 	3731
Memory Traffic:
0.B_written_bus_to_cache 	987712
0.B_written_cache_to_bus_wb 	238784
0.B_written_cache_to_bus_wt 	0
0.B_total_traffic_wb 	1226496
0.B_total_traffic_wt 	0
