P5 Printout for CS 3410
----------------------------------
Trace  		trace.2t.long.txt
Instruction Limit 	none
 *** Cache Configuration *** 
capacity   		65536 B
block_size 		 4096 B
associativity 		4-way
n_set 			4
n_cache_line 	16
tag: 18, index: 2, offset: 12
Coherence Protocol: 	msi
lru_on_invalidate_f: 	false
Processing trace...
2 2
Processed 500000 lines.
    *** Results for Core 0 ***
0.n_cpu_accesses 	250001
0.n_loads 		192500
0.n_stores 		57501
0.n_hits 		221465
0.n_misses 		28536
0.hit_rate 		88.59
0.miss_rate 		11.41
0.n_upgrade_miss 	2749
0.n_bus_snoops 	22932
0.n_snoop_hits 	2163
0.n_writebacks 	8663
Memory Traffic:
0.B_written_bus_to_cache 	116883456
0.B_written_cache_to_bus_wb 	35483648
0.B_written_cache_to_bus_wt 	0
0.B_total_traffic_wb 	152367104
0.B_total_traffic_wt 	0
    *** Results for Core 1 ***
1.n_cpu_accesses 	249999
1.n_loads 		166714
1.n_stores 		83285
1.n_hits 		227791
1.n_misses 		22208
1.hit_rate 		91.12
1.miss_rate 		8.88
1.n_upgrade_miss 	2965
1.n_bus_snoops 	29300
1.n_snoop_hits 	2638
1.n_writebacks 	7982
Memory Traffic:
1.B_written_bus_to_cache 	90963968
1.B_written_cache_to_bus_wb 	32694272
1.B_written_cache_to_bus_wt 	0
1.B_total_traffic_wb 	123658240
1.B_total_traffic_wt 	0
