P5 Printout for CS 3410
----------------------------------
Trace  		trace.2t.long.txt
Instruction Limit 	none
 *** Cache Configuration *** 
capacity   		65536 B
block_size 		   32 B
associativity 		4-way
n_set 			512
n_cache_line 	2048
tag: 18, index: 9, offset: 5
Coherence Protocol: 	msi
lru_on_invalidate_f: 	false
Processing trace...
2 2
Processed 500000 lines.
    *** Results for Core 0 ***
0.n_cpu_accesses 	250001
0.n_loads 		192500
0.n_stores 		57501
0.n_hits 		224857
0.n_misses 		25144
0.hit_rate 		89.94
0.miss_rate 		10.06
0.n_upgrade_miss 	3115
0.n_bus_snoops 	31854
0.n_snoop_hits 	1467
0.n_writebacks 	3252
Memory Traffic:
0.B_written_bus_to_cache 	804608
0.B_written_cache_to_bus_wb 	104064
0.B_written_cache_to_bus_wt 	0
0.B_total_traffic_wb 	908672
0.B_total_traffic_wt 	0
    *** Results for Core 1 ***
1.n_cpu_accesses 	249999
1.n_loads 		166714
1.n_stores 		83285
1.n_hits 		218145
1.n_misses 		31854
1.hit_rate 		87.26
1.miss_rate 		12.74
1.n_upgrade_miss 	4560
1.n_bus_snoops 	25144
1.n_snoop_hits 	1427
1.n_writebacks 	7855
Memory Traffic:
1.B_written_bus_to_cache 	1019328
1.B_written_cache_to_bus_wb 	251360
1.B_written_cache_to_bus_wt 	0
1.B_total_traffic_wb 	1270688
1.B_total_traffic_wt 	0
