P5 Printout for CS 3410
----------------------------------
Trace  		trace.2t.long.txt
Instruction Limit 	none
 *** Cache Configuration *** 
capacity   		65536 B
block_size 		    4 B
associativity 		4-way
n_set 			4096
n_cache_line 	16384
tag: 18, index: 12, offset: 2
Coherence Protocol: 	msi
lru_on_invalidate_f: 	false
Processing trace...
2 2
Processed 500000 lines.
    *** Results for Core 0 ***
0.n_cpu_accesses 	250001
0.n_loads 		192500
0.n_stores 		57501
0.n_hits 		174113
0.n_misses 		75888
0.hit_rate 		69.64
0.miss_rate 		30.36
0.n_upgrade_miss 	4028
0.n_bus_snoops 	86081
0.n_snoop_hits 	2270
0.n_writebacks 	9938
Memory Traffic:
0.B_written_bus_to_cache 	303552
0.B_written_cache_to_bus_wb 	39752
0.B_written_cache_to_bus_wt 	0
0.B_total_traffic_wb 	343304
0.B_total_traffic_wt 	0
    *** Results for Core 1 ***
1.n_cpu_accesses 	249999
1.n_loads 		166714
1.n_stores 		83285
1.n_hits 		163918
1.n_misses 		86081
1.hit_rate 		65.57
1.miss_rate 		34.43
1.n_upgrade_miss 	5948
1.n_bus_snoops 	75888
1.n_snoop_hits 	1967
1.n_writebacks 	25409
Memory Traffic:
1.B_written_bus_to_cache 	344324
1.B_written_cache_to_bus_wb 	101636
1.B_written_cache_to_bus_wt 	0
1.B_total_traffic_wb 	445960
1.B_total_traffic_wt 	0
