P5 Printout for CS 3410
----------------------------------
Trace  		trace.1t.long.txt
Instruction Limit 	none
 *** Cache Configuration *** 
capacity   		65536 B
block_size 		  512 B
associativity 		4-way
n_set 			32
n_cache_line 	128
tag: 18, index: 5, offset: 9
Coherence Protocol: 	msi
lru_on_invalidate_f: 	false
Processing trace...
1 2
Processed 250001 lines.
    *** Results for Core 0 ***
0.n_cpu_accesses 	250001
0.n_loads 		192500
0.n_stores 		57501
0.n_hits 		237846
0.n_misses 		12155
0.hit_rate 		95.14
0.miss_rate 		4.86
0.n_upgrade_miss 	1038
0.n_bus_snoops 	0
0.n_snoop_hits 	0
0.n_writebacks 	572
Memory Traffic:
0.B_written_bus_to_cache 	6223360
0.B_written_cache_to_bus_wb 	292864
0.B_written_cache_to_bus_wt 	0
0.B_total_traffic_wb 	6516224
0.B_total_traffic_wt 	0
