P5 Printout for CS 3410
----------------------------------
Trace  		trace.2t.long.txt
Instruction Limit 	none
 *** Cache Configuration *** 
capacity   		65536 B
block_size 		 4096 B
associativity 		4-way
n_set 			4
n_cache_line 	16
tag: 18, index: 2, offset: 12
Coherence Protocol: 	msi
lru_on_invalidate_f: 	false
Processing trace...
2 2
Processed 500000 lines.
    *** Results for Core 0 ***
0.n_cpu_accesses 	250001
0.n_loads 		192500
0.n_stores 		57501
0.n_hits 		218058
0.n_misses 		31943
0.hit_rate 		87.22
0.miss_rate 		12.78
0.n_upgrade_miss 	3049
0.n_bus_snoops 	26136
0.n_snoop_hits 	2466
0.n_writebacks 	2076
Memory Traffic:
0.B_written_bus_to_cache 	130838528
0.B_written_cache_to_bus_wb 	8503296
0.B_written_cache_to_bus_wt 	0
0.B_total_traffic_wb 	139341824
0.B_total_traffic_wt 	0
    *** Results for Core 1 ***
1.n_cpu_accesses 	249999
1.n_loads 		166714
1.n_stores 		83285
1.n_hits 		223863
1.n_misses 		26136
1.hit_rate 		89.55
1.miss_rate 		10.45
1.n_upgrade_miss 	3180
1.n_bus_snoops 	31943
1.n_snoop_hits 	2608
1.n_writebacks 	2171
Memory Traffic:
1.B_written_bus_to_cache 	107053056
1.B_written_cache_to_bus_wb 	8892416
1.B_written_cache_to_bus_wt 	0
1.B_total_traffic_wb 	115945472
1.B_total_traffic_wt 	0
