P5 Printout for CS 3410
----------------------------------
Trace  		trace.2t.long.txt
Instruction Limit 	none
 *** Cache Configuration *** 
capacity   		65536 B
block_size 		  512 B
associativity 		4-way
n_set 			32
n_cache_line 	128
tag: 18, index: 5, offset: 9
Coherence Protocol: 	msi
lru_on_invalidate_f: 	false
Processing trace...
2 2
Processed 500000 lines.
    *** Results for Core 0 ***
0.n_cpu_accesses 	250001
0.n_loads 		192500
0.n_stores 		57501
0.n_hits 		236866
0.n_misses 		13135
0.hit_rate 		94.75
0.miss_rate 		5.25
0.n_upgrade_miss 	1550
0.n_bus_snoops 	13338
0.n_snoop_hits 	1584
0.n_writebacks 	2565
Memory Traffic:
0.B_written_bus_to_cache 	6725120
0.B_written_cache_to_bus_wb 	1313280
0.B_written_cache_to_bus_wt 	0
0.B_total_traffic_wb 	8038400
0.B_total_traffic_wt 	0
    *** Results for Core 1 ***
1.n_cpu_accesses 	249999
1.n_loads 		166714
1.n_stores 		83285
1.n_hits 		236661
1.n_misses 		13338
1.hit_rate 		94.66
1.miss_rate 		5.34
1.n_upgrade_miss 	2060
1.n_bus_snoops 	13135
1.n_snoop_hits 	1646
1.n_writebacks 	3582
Memory Traffic:
1.B_written_bus_to_cache 	6829056
1.B_written_cache_to_bus_wb 	1833984
1.B_written_cache_to_bus_wt 	0
1.B_total_traffic_wb 	8663040
1.B_total_traffic_wt 	0
