P5 Printout for CS 3410
----------------------------------
Trace  		trace.2t.long.txt
Instruction Limit 	none
 *** Cache Configuration *** 
capacity   		65536 B
block_size 		   64 B
associativity 		4-way
n_set 			256
n_cache_line 	1024
tag: 18, index: 8, offset: 6
Coherence Protocol: 	vi
lru_on_invalidate_f: 	false
Processing trace...
2 1
Processed 500000 lines.
    *** Results for Core 0 ***
0.n_cpu_accesses 	250001
0.n_loads 		192500
0.n_stores 		57501
0.n_hits 		232230
0.n_misses 		17771
0.hit_rate 		92.89
0.miss_rate 		7.11
0.n_upgrade_miss 	0
0.n_bus_snoops 	21378
0.n_snoop_hits 	2718
0.n_writebacks 	4327
Memory Traffic:
0.B_written_bus_to_cache 	1137344
0.B_written_cache_to_bus_wb 	276928
0.B_written_cache_to_bus_wt 	0
0.B_total_traffic_wb 	1414272
0.B_total_traffic_wt 	0
    *** Results for Core 1 ***
1.n_cpu_accesses 	249999
1.n_loads 		166714
1.n_stores 		83285
1.n_hits 		228621
1.n_misses 		21378
1.hit_rate 		91.45
1.miss_rate 		8.55
1.n_upgrade_miss 	0
1.n_bus_snoops 	17771
1.n_snoop_hits 	2745
1.n_writebacks 	8747
Memory Traffic:
1.B_written_bus_to_cache 	1368192
1.B_written_cache_to_bus_wb 	559808
1.B_written_cache_to_bus_wt 	0
1.B_total_traffic_wb 	1928000
1.B_total_traffic_wt 	0
