P5 Printout for CS 3410
----------------------------------
Trace  		trace.2t.long.txt
Instruction Limit 	none
 *** Cache Configuration *** 
capacity   		65536 B
block_size 		   16 B
associativity 		4-way
n_set 			1024
n_cache_line 	4096
tag: 18, index: 10, offset: 4
Coherence Protocol: 	msi
lru_on_invalidate_f: 	false
Processing trace...
2 2
Processed 500000 lines.
    *** Results for Core 0 ***
0.n_cpu_accesses 	250001
0.n_loads 		192500
0.n_stores 		57501
0.n_hits 		218189
0.n_misses 		31812
0.hit_rate 		87.28
0.miss_rate 		12.72
0.n_upgrade_miss 	6682
0.n_bus_snoops 	43139
0.n_snoop_hits 	775
0.n_writebacks 	10573
Memory Traffic:
0.B_written_bus_to_cache 	508992
0.B_written_cache_to_bus_wb 	169168
0.B_written_cache_to_bus_wt 	0
0.B_total_traffic_wb 	678160
0.B_total_traffic_wt 	0
    *** Results for Core 1 ***
1.n_cpu_accesses 	249999
1.n_loads 		166714
1.n_stores 		83285
1.n_hits 		206860
1.n_misses 		43139
1.hit_rate 		82.74
1.miss_rate 		17.26
1.n_upgrade_miss 	11074
1.n_bus_snoops 	31812
1.n_snoop_hits 	794
1.n_writebacks 	20278
Memory Traffic:
1.B_written_bus_to_cache 	690224
1.B_written_cache_to_bus_wb 	324448
1.B_written_cache_to_bus_wt 	0
1.B_total_traffic_wb 	1014672
1.B_total_traffic_wt 	0
