P5 Printout for CS 3410
----------------------------------
Trace  		trace.1t.long.txt
Instruction Limit 	none
 *** Cache Configuration *** 
capacity   		524288 B
block_size 		   64 B
associativity 		2-way
n_set 			4096
n_cache_line 	8192
tag: 14, index: 12, offset: 6
Coherence Protocol: 	none
lru_on_invalidate_f: 	false
Processing trace...
1 0
Processed 250001 lines.
    *** Results for Core 0 ***
0.n_cpu_accesses 	250001
0.n_loads 		192500
0.n_stores 		57501
0.n_hits 		237245
0.n_misses 		12756
0.hit_rate 		94.90
0.miss_rate 		5.10
0.n_upgrade_miss 	0
0.n_bus_snoops 	0
0.n_snoop_hits 	0
0.n_writebacks 	1919
Memory Traffic:
0.B_written_bus_to_cache 	816384
0.B_written_cache_to_bus_wb 	122816
0.B_written_cache_to_bus_wt 	0
0.B_total_traffic_wb 	939200
0.B_total_traffic_wt 	0
