P5 Printout for CS 3410
----------------------------------
Trace  		trace.2t.long.txt
Instruction Limit 	none
 *** Cache Configuration *** 
capacity   		65536 B
block_size 		    8 B
associativity 		4-way
n_set 			2048
n_cache_line 	8192
tag: 18, index: 11, offset: 3
Coherence Protocol: 	msi
lru_on_invalidate_f: 	false
Processing trace...
2 2
Processed 500000 lines.
    *** Results for Core 0 ***
0.n_cpu_accesses 	326646
0.n_loads 		269145
0.n_stores 		57501
0.n_hits 		196950
0.n_misses 		129696
0.hit_rate 		60.29
0.miss_rate 		39.71
0.n_upgrade_miss 	3569
0.n_bus_snoops 	76645
0.n_snoop_hits 	769
0.n_writebacks 	18541
Memory Traffic:
0.B_written_bus_to_cache 	1037568
0.B_written_cache_to_bus_wb 	148328
0.B_written_cache_to_bus_wt 	0
0.B_total_traffic_wb 	1185896
0.B_total_traffic_wt 	0
    *** Results for Core 1 ***
1.n_cpu_accesses 	303050
1.n_loads 		219765
1.n_stores 		83285
1.n_hits 		173354
1.n_misses 		129696
1.hit_rate 		57.20
1.miss_rate 		42.80
1.n_upgrade_miss 	5388
1.n_bus_snoops 	53051
1.n_snoop_hits 	828
1.n_writebacks 	36876
Memory Traffic:
1.B_written_bus_to_cache 	1037568
1.B_written_cache_to_bus_wb 	295008
1.B_written_cache_to_bus_wt 	0
1.B_total_traffic_wb 	1332576
1.B_total_traffic_wt 	0
