P5 Printout for CS 3410
----------------------------------
Trace  		trace.2t.long.txt
Instruction Limit 	none
 *** Cache Configuration *** 
capacity   		65536 B
block_size 		16384 B
associativity 		fully
n_set 			1
n_cache_line 	4
tag: 18, index: 0, offset: 14
Coherence Protocol: 	msi
lru_on_invalidate_f: 	false
Processing trace...
2 2
Processed 500000 lines.
    *** Results for Core 0 ***
0.n_cpu_accesses 	287952
0.n_loads 		230451
0.n_stores 		57501
0.n_hits 		204074
0.n_misses 		83878
0.hit_rate 		70.87
0.miss_rate 		29.13
0.n_upgrade_miss 	5679
0.n_bus_snoops 	37951
0.n_snoop_hits 	1056
0.n_writebacks 	14982
Memory Traffic:
0.B_written_bus_to_cache 	1374257152
0.B_written_cache_to_bus_wb 	245465088
0.B_written_cache_to_bus_wt 	0
0.B_total_traffic_wb 	1619722240
0.B_total_traffic_wt 	0
    *** Results for Core 1 ***
1.n_cpu_accesses 	295926
1.n_loads 		212641
1.n_stores 		83285
1.n_hits 		212048
1.n_misses 		83878
1.hit_rate 		71.66
1.miss_rate 		28.34
1.n_upgrade_miss 	6103
1.n_bus_snoops 	45927
1.n_snoop_hits 	1470
1.n_writebacks 	13731
Memory Traffic:
1.B_written_bus_to_cache 	1374257152
1.B_written_cache_to_bus_wb 	224968704
1.B_written_cache_to_bus_wt 	0
1.B_total_traffic_wb 	1599225856
1.B_total_traffic_wt 	0
