P5 Printout for CS 3410
----------------------------------
Trace  		trace.2t.long.txt
Instruction Limit 	none
 *** Cache Configuration *** 
capacity   		65536 B
block_size 		 2048 B
associativity 		4-way
n_set 			8
n_cache_line 	32
tag: 18, index: 3, offset: 11
Coherence Protocol: 	msi
lru_on_invalidate_f: 	false
Processing trace...
2 2
Processed 500000 lines.
    *** Results for Core 0 ***
0.n_cpu_accesses 	266080
0.n_loads 		208579
0.n_stores 		57501
0.n_hits 		230781
0.n_misses 		35299
0.hit_rate 		86.73
0.miss_rate 		13.27
0.n_upgrade_miss 	1120
0.n_bus_snoops 	16079
0.n_snoop_hits 	758
0.n_writebacks 	3218
Memory Traffic:
0.B_written_bus_to_cache 	72292352
0.B_written_cache_to_bus_wb 	6590464
0.B_written_cache_to_bus_wt 	0
0.B_total_traffic_wb 	78882816
0.B_total_traffic_wt 	0
    *** Results for Core 1 ***
1.n_cpu_accesses 	269219
1.n_loads 		185934
1.n_stores 		83285
1.n_hits 		233920
1.n_misses 		35299
1.hit_rate 		86.89
1.miss_rate 		13.11
1.n_upgrade_miss 	1791
1.n_bus_snoops 	19220
1.n_snoop_hits 	1047
1.n_writebacks 	3756
Memory Traffic:
1.B_written_bus_to_cache 	72292352
1.B_written_cache_to_bus_wb 	7692288
1.B_written_cache_to_bus_wt 	0
1.B_total_traffic_wb 	79984640
1.B_total_traffic_wt 	0
