P5 Printout for CS 3410
----------------------------------
Trace  		trace.2t.long.txt
Instruction Limit 	none
 *** Cache Configuration *** 
capacity   		65536 B
block_size 		  256 B
associativity 		4-way
n_set 			64
n_cache_line 	256
tag: 18, index: 6, offset: 8
Coherence Protocol: 	msi
lru_on_invalidate_f: 	false
Processing trace...
2 2
Processed 500000 lines.
    *** Results for Core 0 ***
0.n_cpu_accesses 	260988
0.n_loads 		203487
0.n_stores 		57501
0.n_hits 		239041
0.n_misses 		21947
0.hit_rate 		91.59
0.miss_rate 		8.41
0.n_upgrade_miss 	1269
0.n_bus_snoops 	10987
0.n_snoop_hits 	317
0.n_writebacks 	2052
Memory Traffic:
0.B_written_bus_to_cache 	5618432
0.B_written_cache_to_bus_wb 	525312
0.B_written_cache_to_bus_wt 	0
0.B_total_traffic_wb 	6143744
0.B_total_traffic_wt 	0
    *** Results for Core 1 ***
1.n_cpu_accesses 	260959
1.n_loads 		177674
1.n_stores 		83285
1.n_hits 		239012
1.n_misses 		21947
1.hit_rate 		91.59
1.miss_rate 		8.41
1.n_upgrade_miss 	2007
1.n_bus_snoops 	10960
1.n_snoop_hits 	439
1.n_writebacks 	3621
Memory Traffic:
1.B_written_bus_to_cache 	5618432
1.B_written_cache_to_bus_wb 	926976
1.B_written_cache_to_bus_wt 	0
1.B_total_traffic_wb 	6545408
1.B_total_traffic_wt 	0
