P5 Printout for CS 3410
----------------------------------
Trace  		trace.2t.long.txt
Instruction Limit 	none
 *** Cache Configuration *** 
capacity   		65536 B
block_size 		    4 B
associativity 		4-way
n_set 			4096
n_cache_line 	16384
tag: 18, index: 12, offset: 2
Coherence Protocol: 	msi
lru_on_invalidate_f: 	false
Processing trace...
2 2
Processed 500000 lines.
    *** Results for Core 0 ***
0.n_cpu_accesses 	328822
0.n_loads 		271321
0.n_stores 		57501
0.n_hits 		179334
0.n_misses 		149488
0.hit_rate 		54.54
0.miss_rate 		45.46
0.n_upgrade_miss 	3617
0.n_bus_snoops 	78821
0.n_snoop_hits 	950
0.n_writebacks 	19427
Memory Traffic:
0.B_written_bus_to_cache 	597952
0.B_written_cache_to_bus_wb 	77708
0.B_written_cache_to_bus_wt 	0
0.B_total_traffic_wb 	675660
0.B_total_traffic_wt 	0
    *** Results for Core 1 ***
1.n_cpu_accesses 	320666
1.n_loads 		237381
1.n_stores 		83285
1.n_hits 		171178
1.n_misses 		149488
1.hit_rate 		53.38
1.miss_rate 		46.62
1.n_upgrade_miss 	5484
1.n_bus_snoops 	70667
1.n_snoop_hits 	855
1.n_writebacks 	36671
Memory Traffic:
1.B_written_bus_to_cache 	597952
1.B_written_cache_to_bus_wb 	146684
1.B_written_cache_to_bus_wt 	0
1.B_total_traffic_wb 	744636
1.B_total_traffic_wt 	0
