P5 Printout for CS 3410
----------------------------------
Trace  		trace.2t.long.txt
Instruction Limit 	none
 *** Cache Configuration *** 
capacity   		65536 B
block_size 		   64 B
associativity 		4-way
n_set 			256
n_cache_line 	1024
tag: 18, index: 8, offset: 6
Coherence Protocol: 	msi
lru_on_invalidate_f: 	false
Processing trace...
2 2
Processed 500000 lines.
    *** Results for Core 0 ***
0.n_cpu_accesses 	268796
0.n_loads 		211295
0.n_stores 		57501
0.n_hits 		234724
0.n_misses 		34072
0.hit_rate 		87.32
0.miss_rate 		12.68
0.n_upgrade_miss 	2648
0.n_bus_snoops 	18795
0.n_snoop_hits 	400
0.n_writebacks 	3700
Memory Traffic:
0.B_written_bus_to_cache 	2180608
0.B_written_cache_to_bus_wb 	236800
0.B_written_cache_to_bus_wt 	0
0.B_total_traffic_wb 	2417408
0.B_total_traffic_wt 	0
    *** Results for Core 1 ***
1.n_cpu_accesses 	265276
1.n_loads 		181991
1.n_stores 		83285
1.n_hits 		231204
1.n_misses 		34072
1.hit_rate 		87.16
1.miss_rate 		12.84
1.n_upgrade_miss 	3924
1.n_bus_snoops 	15277
1.n_snoop_hits 	482
1.n_writebacks 	8127
Memory Traffic:
1.B_written_bus_to_cache 	2180608
1.B_written_cache_to_bus_wb 	520128
1.B_written_cache_to_bus_wt 	0
1.B_total_traffic_wb 	2700736
1.B_total_traffic_wt 	0
