P5 Printout for CS 3410
----------------------------------
Trace  		trace.2t.long.txt
Instruction Limit 	none
 *** Cache Configuration *** 
capacity   		65536 B
block_size 		 4096 B
associativity 		4-way
n_set 			4
n_cache_line 	16
tag: 18, index: 2, offset: 12
Coherence Protocol: 	msi
lru_on_invalidate_f: 	false
Processing trace...
2 2
Processed 500000 lines.
    *** Results for Core 0 ***
0.n_cpu_accesses 	271606
0.n_loads 		214105
0.n_stores 		57501
0.n_hits 		221911
0.n_misses 		49695
0.hit_rate 		81.70
0.miss_rate 		18.30
0.n_upgrade_miss 	2673
0.n_bus_snoops 	21605
0.n_snoop_hits 	1018
0.n_writebacks 	7175
Memory Traffic:
0.B_written_bus_to_cache 	203550720
0.B_written_cache_to_bus_wb 	29388800
0.B_written_cache_to_bus_wt 	0
0.B_total_traffic_wb 	232939520
0.B_total_traffic_wt 	0
    *** Results for Core 1 ***
1.n_cpu_accesses 	278089
1.n_loads 		194804
1.n_stores 		83285
1.n_hits 		228394
1.n_misses 		49695
1.hit_rate 		82.13
1.miss_rate 		17.87
1.n_upgrade_miss 	2908
1.n_bus_snoops 	28090
1.n_snoop_hits 	1596
1.n_writebacks 	6402
Memory Traffic:
1.B_written_bus_to_cache 	203550720
1.B_written_cache_to_bus_wb 	26222592
1.B_written_cache_to_bus_wt 	0
1.B_total_traffic_wb 	229773312
1.B_total_traffic_wt 	0
