P5 Printout for CS 3410
----------------------------------
Trace  		trace.2t.long.txt
Instruction Limit 	none
 *** Cache Configuration *** 
capacity   		65536 B
block_size 		 8192 B
associativity 		4-way
n_set 			2
n_cache_line 	8
tag: 18, index: 1, offset: 13
Coherence Protocol: 	msi
lru_on_invalidate_f: 	false
Processing trace...
2 2
Processed 500000 lines.
    *** Results for Core 0 ***
0.n_cpu_accesses 	279462
0.n_loads 		221961
0.n_stores 		57501
0.n_hits 		214117
0.n_misses 		65345
0.hit_rate 		76.62
0.miss_rate 		23.38
0.n_upgrade_miss 	4298
0.n_bus_snoops 	29461
0.n_snoop_hits 	1374
0.n_writebacks 	11127
Memory Traffic:
0.B_written_bus_to_cache 	535306240
0.B_written_cache_to_bus_wb 	91152384
0.B_written_cache_to_bus_wt 	0
0.B_total_traffic_wb 	626458624
0.B_total_traffic_wt 	0
    *** Results for Core 1 ***
1.n_cpu_accesses 	285883
1.n_loads 		202598
1.n_stores 		83285
1.n_hits 		220538
1.n_misses 		65345
1.hit_rate 		77.14
1.miss_rate 		22.86
1.n_upgrade_miss 	4906
1.n_bus_snoops 	35884
1.n_snoop_hits 	1829
1.n_writebacks 	10500
Memory Traffic:
1.B_written_bus_to_cache 	535306240
1.B_written_cache_to_bus_wb 	86016000
1.B_written_cache_to_bus_wt 	0
1.B_total_traffic_wb 	621322240
1.B_total_traffic_wt 	0
