P5 Printout for CS 3410
----------------------------------
Trace  		trace.2t.long.txt
Instruction Limit 	none
 *** Cache Configuration *** 
capacity   		65536 B
block_size 		   16 B
associativity 		4-way
n_set 			1024
n_cache_line 	4096
tag: 18, index: 10, offset: 4
Coherence Protocol: 	msi
lru_on_invalidate_f: 	false
Processing trace...
2 2
Processed 500000 lines.
    *** Results for Core 0 ***
0.n_cpu_accesses 	253083
0.n_loads 		192500
0.n_stores 		60583
0.n_hits 		211068
0.n_misses 		42015
0.hit_rate 		83.40
0.miss_rate 		16.60
0.n_upgrade_miss 	6164
0.n_bus_snoops 	45539
0.n_snoop_hits 	795
0.n_writebacks 	4170
Memory Traffic:
0.B_written_bus_to_cache 	672240
0.B_written_cache_to_bus_wb 	66720
0.B_written_cache_to_bus_wt 	0
0.B_total_traffic_wb 	738960
0.B_total_traffic_wt 	0
    *** Results for Core 1 ***
1.n_cpu_accesses 	254552
1.n_loads 		166714
1.n_stores 		87838
1.n_hits 		204460
1.n_misses 		50092
1.hit_rate 		80.32
1.miss_rate 		19.68
1.n_upgrade_miss 	9106
1.n_bus_snoops 	38933
1.n_snoop_hits 	607
1.n_writebacks 	10391
Memory Traffic:
1.B_written_bus_to_cache 	801472
1.B_written_cache_to_bus_wb 	166256
1.B_written_cache_to_bus_wt 	0
1.B_total_traffic_wb 	967728
1.B_total_traffic_wt 	0
