P5 Printout for CS 3410
----------------------------------
Trace  		trace.2t.long.txt
Instruction Limit 	none
 *** Cache Configuration *** 
capacity   		65536 B
block_size 		 4096 B
associativity 		4-way
n_set 			4
n_cache_line 	16
tag: 18, index: 2, offset: 12
Coherence Protocol: 	msi
lru_on_invalidate_f: 	false
Processing trace...
2 2
Processed 500000 lines.
    *** Results for Core 0 ***
0.n_cpu_accesses 	252807
0.n_loads 		192500
0.n_stores 		60307
0.n_hits 		219948
0.n_misses 		32859
0.hit_rate 		87.00
0.miss_rate 		13.00
0.n_upgrade_miss 	5612
0.n_bus_snoops 	26248
0.n_snoop_hits 	1842
0.n_writebacks 	1596
Memory Traffic:
0.B_written_bus_to_cache 	134590464
0.B_written_cache_to_bus_wb 	6537216
0.B_written_cache_to_bus_wt 	0
0.B_total_traffic_wb 	141127680
0.B_total_traffic_wt 	0
    *** Results for Core 1 ***
1.n_cpu_accesses 	252938
1.n_loads 		166714
1.n_stores 		86224
1.n_hits 		223751
1.n_misses 		29187
1.hit_rate 		88.46
1.miss_rate 		11.54
1.n_upgrade_miss 	5878
1.n_bus_snoops 	30053
1.n_snoop_hits 	1606
1.n_writebacks 	2188
Memory Traffic:
1.B_written_bus_to_cache 	119549952
1.B_written_cache_to_bus_wb 	8962048
1.B_written_cache_to_bus_wt 	0
1.B_total_traffic_wb 	128512000
1.B_total_traffic_wt 	0
