P5 Printout for CS 3410
----------------------------------
Trace  		trace.2t.long.txt
Instruction Limit 	none
 *** Cache Configuration *** 
capacity   		65536 B
block_size 		 1024 B
associativity 		4-way
n_set 			16
n_cache_line 	64
tag: 18, index: 4, offset: 10
Coherence Protocol: 	msi
lru_on_invalidate_f: 	false
Processing trace...
2 2
Processed 500000 lines.
    *** Results for Core 0 ***
0.n_cpu_accesses 	250995
0.n_loads 		192500
0.n_stores 		58495
0.n_hits 		231510
0.n_misses 		19485
0.hit_rate 		92.24
0.miss_rate 		7.76
0.n_upgrade_miss 	1988
0.n_bus_snoops 	15871
0.n_snoop_hits 	625
0.n_writebacks 	2917
Memory Traffic:
0.B_written_bus_to_cache 	19952640
0.B_written_cache_to_bus_wb 	2987008
0.B_written_cache_to_bus_wt 	0
0.B_total_traffic_wb 	22939648
0.B_total_traffic_wt 	0
    *** Results for Core 1 ***
1.n_cpu_accesses 	251684
1.n_loads 		166714
1.n_stores 		84970
1.n_hits 		234128
1.n_misses 		17556
1.hit_rate 		93.02
1.miss_rate 		6.98
1.n_upgrade_miss 	3370
1.n_bus_snoops 	18491
1.n_snoop_hits 	443
1.n_writebacks 	2094
Memory Traffic:
1.B_written_bus_to_cache 	17977344
1.B_written_cache_to_bus_wb 	2144256
1.B_written_cache_to_bus_wt 	0
1.B_total_traffic_wb 	20121600
1.B_total_traffic_wt 	0
