P5 Printout for CS 3410
----------------------------------
Trace  		trace.2t.long.txt
Instruction Limit 	none
 *** Cache Configuration *** 
capacity   		65536 B
block_size 		  128 B
associativity 		4-way
n_set 			128
n_cache_line 	512
tag: 18, index: 7, offset: 7
Coherence Protocol: 	msi
lru_on_invalidate_f: 	false
Processing trace...
2 2
Processed 500000 lines.
    *** Results for Core 0 ***
0.n_cpu_accesses 	251730
0.n_loads 		192500
0.n_stores 		59230
0.n_hits 		230090
0.n_misses 		21640
0.hit_rate 		91.40
0.miss_rate 		8.60
0.n_upgrade_miss 	3458
0.n_bus_snoops 	17840
0.n_snoop_hits 	834
0.n_writebacks 	1857
Memory Traffic:
0.B_written_bus_to_cache 	2769920
0.B_written_cache_to_bus_wb 	237696
0.B_written_cache_to_bus_wt 	0
0.B_total_traffic_wb 	3007616
0.B_total_traffic_wt 	0
    *** Results for Core 1 ***
1.n_cpu_accesses 	252709
1.n_loads 		166714
1.n_stores 		85995
1.n_hits 		232159
1.n_misses 		20550
1.hit_rate 		91.87
1.miss_rate 		8.13
1.n_upgrade_miss 	5420
1.n_bus_snoops 	19911
1.n_snoop_hits 	491
1.n_writebacks 	3053
Memory Traffic:
1.B_written_bus_to_cache 	2630400
1.B_written_cache_to_bus_wb 	390784
1.B_written_cache_to_bus_wt 	0
1.B_total_traffic_wb 	3021184
1.B_total_traffic_wt 	0
