P5 Printout for CS 3410
----------------------------------
Trace  		trace.2t.long.txt
Instruction Limit 	none
 *** Cache Configuration *** 
capacity   		65536 B
block_size 		 8192 B
associativity 		4-way
n_set 			2
n_cache_line 	8
tag: 18, index: 1, offset: 13
Coherence Protocol: 	msi
lru_on_invalidate_f: 	false
Processing trace...
2 2
Processed 500000 lines.
    *** Results for Core 0 ***
0.n_cpu_accesses 	254451
0.n_loads 		192500
0.n_stores 		61951
0.n_hits 		213248
0.n_misses 		41203
0.hit_rate 		83.81
0.miss_rate 		16.19
0.n_upgrade_miss 	8900
0.n_bus_snoops 	32078
0.n_snoop_hits 	2311
0.n_writebacks 	2545
Memory Traffic:
0.B_written_bus_to_cache 	337534976
0.B_written_cache_to_bus_wb 	20848640
0.B_written_cache_to_bus_wt 	0
0.B_total_traffic_wb 	358383616
0.B_total_traffic_wt 	0
    *** Results for Core 1 ***
1.n_cpu_accesses 	254969
1.n_loads 		166714
1.n_stores 		88255
1.n_hits 		217921
1.n_misses 		37048
1.hit_rate 		85.47
1.miss_rate 		14.53
1.n_upgrade_miss 	9940
1.n_bus_snoops 	36753
1.n_snoop_hits 	1811
1.n_writebacks 	2771
Memory Traffic:
1.B_written_bus_to_cache 	303497216
1.B_written_cache_to_bus_wb 	22700032
1.B_written_cache_to_bus_wt 	0
1.B_total_traffic_wb 	326197248
1.B_total_traffic_wt 	0
