P5 Printout for CS 3410
----------------------------------
Trace  		trace.2t.long.txt
Instruction Limit 	none
 *** Cache Configuration *** 
capacity   		65536 B
block_size 		  512 B
associativity 		4-way
n_set 			32
n_cache_line 	128
tag: 18, index: 5, offset: 9
Coherence Protocol: 	msi
lru_on_invalidate_f: 	false
Processing trace...
2 2
Processed 500000 lines.
    *** Results for Core 0 ***
0.n_cpu_accesses 	251033
0.n_loads 		192500
0.n_stores 		58533
0.n_hits 		230671
0.n_misses 		20362
0.hit_rate 		91.89
0.miss_rate 		8.11
0.n_upgrade_miss 	2064
0.n_bus_snoops 	13077
0.n_snoop_hits 	416
0.n_writebacks 	3249
Memory Traffic:
0.B_written_bus_to_cache 	10425344
0.B_written_cache_to_bus_wb 	1663488
0.B_written_cache_to_bus_wt 	0
0.B_total_traffic_wb 	12088832
0.B_total_traffic_wt 	0
    *** Results for Core 1 ***
1.n_cpu_accesses 	251723
1.n_loads 		166714
1.n_stores 		85009
1.n_hits 		236922
1.n_misses 		14801
1.hit_rate 		94.12
1.miss_rate 		5.88
1.n_upgrade_miss 	3448
1.n_bus_snoops 	19330
1.n_snoop_hits 	404
1.n_writebacks 	1787
Memory Traffic:
1.B_written_bus_to_cache 	7578112
1.B_written_cache_to_bus_wb 	914944
1.B_written_cache_to_bus_wt 	0
1.B_total_traffic_wb 	8493056
1.B_total_traffic_wt 	0
