P5 Printout for CS 3410
----------------------------------
Trace  		trace.2t.long.txt
Instruction Limit 	none
 *** Cache Configuration *** 
capacity   		65536 B
block_size 		 8192 B
associativity 		4-way
n_set 			2
n_cache_line 	8
tag: 18, index: 1, offset: 13
Coherence Protocol: 	msi
lru_on_invalidate_f: 	false
Processing trace...
2 2
Processed 500000 lines.
    *** Results for Core 0 ***
0.n_cpu_accesses 	254392
0.n_loads 		192500
0.n_stores 		61892
0.n_hits 		213697
0.n_misses 		40695
0.hit_rate 		84.00
0.miss_rate 		16.00
0.n_upgrade_miss 	8782
0.n_bus_snoops 	29878
0.n_snoop_hits 	1603
0.n_writebacks 	2079
Memory Traffic:
0.B_written_bus_to_cache 	333373440
0.B_written_cache_to_bus_wb 	17031168
0.B_written_cache_to_bus_wt 	0
0.B_total_traffic_wb 	350404608
0.B_total_traffic_wt 	0
    *** Results for Core 1 ***
1.n_cpu_accesses 	254958
1.n_loads 		166714
1.n_stores 		88244
1.n_hits 		220121
1.n_misses 		34837
1.hit_rate 		86.34
1.miss_rate 		13.66
1.n_upgrade_miss 	9918
1.n_bus_snoops 	36304
1.n_snoop_hits 	1897
1.n_writebacks 	2208
Memory Traffic:
1.B_written_bus_to_cache 	285384704
1.B_written_cache_to_bus_wb 	18087936
1.B_written_cache_to_bus_wt 	0
1.B_total_traffic_wb 	303472640
1.B_total_traffic_wt 	0
