P5 Printout for CS 3410
----------------------------------
Trace  		trace.1t.long.txt
Instruction Limit 	none
 *** Cache Configuration *** 
capacity   		65536 B
block_size 		   64 B
associativity 		4-way
n_set 			256
n_cache_line 	1024
tag: 18, index: 8, offset: 6
Coherence Protocol: 	msi
lru_on_invalidate_f: 	false
Processing trace...
1 2
Processed 250001 lines.
    *** Results for Core 0 ***
0.n_cpu_accesses 	252633
0.n_loads 		192500
0.n_stores 		60133
0.n_hits 		234724
0.n_misses 		17909
0.hit_rate 		92.91
0.miss_rate 		7.09
0.n_upgrade_miss 	5264
0.n_bus_snoops 	0
0.n_snoop_hits 	0
0.n_writebacks 	334
Memory Traffic:
0.B_written_bus_to_cache 	1146176
0.B_written_cache_to_bus_wb 	21376
0.B_written_cache_to_bus_wt 	0
0.B_total_traffic_wb 	1167552
0.B_total_traffic_wt 	0
