P5 Printout for CS 3410
----------------------------------
Trace  		trace.2t.long.txt
Instruction Limit 	none
 *** Cache Configuration *** 
capacity   		65536 B
block_size 		 4096 B
associativity 		4-way
n_set 			4
n_cache_line 	16
tag: 18, index: 2, offset: 12
Coherence Protocol: 	msi
lru_on_invalidate_f: 	false
Processing trace...
2 2
Processed 500000 lines.
    *** Results for Core 0 ***
0.n_cpu_accesses 	252768
0.n_loads 		192500
0.n_stores 		60268
0.n_hits 		221508
0.n_misses 		31260
0.hit_rate 		87.63
0.miss_rate 		12.37
0.n_upgrade_miss 	5534
0.n_bus_snoops 	22178
0.n_snoop_hits 	1485
0.n_writebacks 	1408
Memory Traffic:
0.B_written_bus_to_cache 	128040960
0.B_written_cache_to_bus_wb 	5767168
0.B_written_cache_to_bus_wt 	0
0.B_total_traffic_wb 	133808128
0.B_total_traffic_wt 	0
    *** Results for Core 1 ***
1.n_cpu_accesses 	252958
1.n_loads 		166714
1.n_stores 		86244
1.n_hits 		227821
1.n_misses 		25137
1.hit_rate 		90.06
1.miss_rate 		9.94
1.n_upgrade_miss 	5918
1.n_bus_snoops 	28493
1.n_snoop_hits 	1872
1.n_writebacks 	1590
Memory Traffic:
1.B_written_bus_to_cache 	102961152
1.B_written_cache_to_bus_wb 	6512640
1.B_written_cache_to_bus_wt 	0
1.B_total_traffic_wb 	109473792
1.B_total_traffic_wt 	0
