P5 Printout for CS 3410
----------------------------------
Trace  		trace.2t.long.txt
Instruction Limit 	none
 *** Cache Configuration *** 
capacity   		65536 B
block_size 		  256 B
associativity 		4-way
n_set 			64
n_cache_line 	256
tag: 18, index: 6, offset: 8
Coherence Protocol: 	msi
lru_on_invalidate_f: 	false
Processing trace...
2 2
Processed 500000 lines.
    *** Results for Core 0 ***
0.n_cpu_accesses 	251281
0.n_loads 		192500
0.n_stores 		58781
0.n_hits 		238744
0.n_misses 		12537
0.hit_rate 		95.01
0.miss_rate 		4.99
0.n_upgrade_miss 	2560
0.n_bus_snoops 	11318
0.n_snoop_hits 	629
0.n_writebacks 	567
Memory Traffic:
0.B_written_bus_to_cache 	3209472
0.B_written_cache_to_bus_wb 	145152
0.B_written_cache_to_bus_wt 	0
0.B_total_traffic_wb 	3354624
0.B_total_traffic_wt 	0
    *** Results for Core 1 ***
1.n_cpu_accesses 	252021
1.n_loads 		166714
1.n_stores 		85307
1.n_hits 		238681
1.n_misses 		13340
1.hit_rate 		94.71
1.miss_rate 		5.29
1.n_upgrade_miss 	4044
1.n_bus_snoops 	11257
1.n_snoop_hits 	730
1.n_writebacks 	1207
Memory Traffic:
1.B_written_bus_to_cache 	3415040
1.B_written_cache_to_bus_wb 	308992
1.B_written_cache_to_bus_wt 	0
1.B_total_traffic_wb 	3724032
1.B_total_traffic_wt 	0
