P5 Printout for CS 3410
----------------------------------
Trace  		trace.2t.long.txt
Instruction Limit 	none
 *** Cache Configuration *** 
capacity   		65536 B
block_size 		16384 B
associativity 		fully
n_set 			1
n_cache_line 	4
tag: 18, index: 0, offset: 14
Coherence Protocol: 	msi
lru_on_invalidate_f: 	false
Processing trace...
2 2
Processed 500000 lines.
    *** Results for Core 0 ***
0.n_cpu_accesses 	255771
0.n_loads 		192500
0.n_stores 		63271
0.n_hits 		203899
0.n_misses 		51872
0.hit_rate 		79.72
0.miss_rate 		20.28
0.n_upgrade_miss 	11540
0.n_bus_snoops 	38233
0.n_snoop_hits 	1232
0.n_writebacks 	2964
Memory Traffic:
0.B_written_bus_to_cache 	849870848
0.B_written_cache_to_bus_wb 	48562176
0.B_written_cache_to_bus_wt 	0
0.B_total_traffic_wb 	898433024
0.B_total_traffic_wt 	0
    *** Results for Core 1 ***
1.n_cpu_accesses 	256157
1.n_loads 		166714
1.n_stores 		89443
1.n_hits 		211766
1.n_misses 		44391
1.hit_rate 		82.67
1.miss_rate 		17.33
1.n_upgrade_miss 	12316
1.n_bus_snoops 	46102
1.n_snoop_hits 	1576
1.n_writebacks 	2959
Memory Traffic:
1.B_written_bus_to_cache 	727302144
1.B_written_cache_to_bus_wb 	48480256
1.B_written_cache_to_bus_wt 	0
1.B_total_traffic_wb 	775782400
1.B_total_traffic_wt 	0
