P5 Printout for CS 3410
----------------------------------
Trace  		trace.2t.long.txt
Instruction Limit 	none
 *** Cache Configuration *** 
capacity   		65536 B
block_size 		 1024 B
associativity 		4-way
n_set 			16
n_cache_line 	64
tag: 18, index: 4, offset: 10
Coherence Protocol: 	msi
lru_on_invalidate_f: 	false
Processing trace...
2 2
Processed 500000 lines.
    *** Results for Core 0 ***
0.n_cpu_accesses 	250991
0.n_loads 		192500
0.n_stores 		58491
0.n_hits 		237231
0.n_misses 		13760
0.hit_rate 		94.52
0.miss_rate 		5.48
0.n_upgrade_miss 	1980
0.n_bus_snoops 	11937
0.n_snoop_hits 	965
0.n_writebacks 	700
Memory Traffic:
0.B_written_bus_to_cache 	14090240
0.B_written_cache_to_bus_wb 	716800
0.B_written_cache_to_bus_wt 	0
0.B_total_traffic_wb 	14807040
0.B_total_traffic_wt 	0
    *** Results for Core 1 ***
1.n_cpu_accesses 	251691
1.n_loads 		166714
1.n_stores 		84977
1.n_hits 		238062
1.n_misses 		13629
1.hit_rate 		94.59
1.miss_rate 		5.41
1.n_upgrade_miss 	3384
1.n_bus_snoops 	12770
1.n_snoop_hits 	944
1.n_writebacks 	943
Memory Traffic:
1.B_written_bus_to_cache 	13956096
1.B_written_cache_to_bus_wb 	965632
1.B_written_cache_to_bus_wt 	0
1.B_total_traffic_wb 	14921728
1.B_total_traffic_wt 	0
