P5 Printout for CS 3410
----------------------------------
Trace  		trace.2t.long.txt
Instruction Limit 	none
 *** Cache Configuration *** 
capacity   		65536 B
block_size 		  256 B
associativity 		4-way
n_set 			64
n_cache_line 	256
tag: 18, index: 6, offset: 8
Coherence Protocol: 	vi
lru_on_invalidate_f: 	false
Processing trace...
2 1
Processed 500000 lines.
    *** Results for Core 0 ***
0.n_cpu_accesses 	263653
0.n_loads 		206152
0.n_stores 		57501
0.n_hits 		236468
0.n_misses 		27185
0.hit_rate 		89.69
0.miss_rate 		10.31
0.n_upgrade_miss 	0
0.n_bus_snoops 	13652
0.n_snoop_hits 	2671
0.n_writebacks 	3550
Memory Traffic:
0.B_written_bus_to_cache 	6959360
0.B_written_cache_to_bus_wb 	908800
0.B_written_cache_to_bus_wt 	0
0.B_total_traffic_wb 	7868160
0.B_total_traffic_wt 	0
    *** Results for Core 1 ***
1.n_cpu_accesses 	263532
1.n_loads 		180247
1.n_stores 		83285
1.n_hits 		236347
1.n_misses 		27185
1.hit_rate 		89.68
1.miss_rate 		10.32
1.n_upgrade_miss 	0
1.n_bus_snoops 	13533
1.n_snoop_hits 	2720
1.n_writebacks 	5046
Memory Traffic:
1.B_written_bus_to_cache 	6959360
1.B_written_cache_to_bus_wb 	1291776
1.B_written_cache_to_bus_wt 	0
1.B_total_traffic_wb 	8251136
1.B_total_traffic_wt 	0
