P5 Printout for CS 3410
----------------------------------
Trace  		trace.2t.long.txt
Instruction Limit 	none
 *** Cache Configuration *** 
capacity   		65536 B
block_size 		 8192 B
associativity 		4-way
n_set 			2
n_cache_line 	8
tag: 18, index: 1, offset: 13
Coherence Protocol: 	vi
lru_on_invalidate_f: 	false
Processing trace...
2 1
Processed 500000 lines.
    *** Results for Core 0 ***
0.n_cpu_accesses 	281219
0.n_loads 		223718
0.n_stores 		57501
0.n_hits 		212299
0.n_misses 		68920
0.hit_rate 		75.49
0.miss_rate 		24.51
0.n_upgrade_miss 	0
0.n_bus_snoops 	31218
0.n_snoop_hits 	2558
0.n_writebacks 	12642
Memory Traffic:
0.B_written_bus_to_cache 	564592640
0.B_written_cache_to_bus_wb 	103563264
0.B_written_cache_to_bus_wt 	0
0.B_total_traffic_wb 	668155904
0.B_total_traffic_wt 	0
    *** Results for Core 1 ***
1.n_cpu_accesses 	287701
1.n_loads 		204416
1.n_stores 		83285
1.n_hits 		218781
1.n_misses 		68920
1.hit_rate 		76.04
1.miss_rate 		23.96
1.n_upgrade_miss 	0
1.n_bus_snoops 	37702
1.n_snoop_hits 	2640
1.n_writebacks 	11646
Memory Traffic:
1.B_written_bus_to_cache 	564592640
1.B_written_cache_to_bus_wb 	95404032
1.B_written_cache_to_bus_wt 	0
1.B_total_traffic_wb 	659996672
1.B_total_traffic_wt 	0
