P5 Printout for CS 3410
----------------------------------
Trace  		trace.2t.long.txt
Instruction Limit 	none
 *** Cache Configuration *** 
capacity   		65536 B
block_size 		    4 B
associativity 		4-way
n_set 			4096
n_cache_line 	16384
tag: 18, index: 12, offset: 2
Coherence Protocol: 	vi
lru_on_invalidate_f: 	false
Processing trace...
2 1
Processed 500000 lines.
    *** Results for Core 0 ***
0.n_cpu_accesses 	332317
0.n_loads 		274816
0.n_stores 		57501
0.n_hits 		175839
0.n_misses 		156478
0.hit_rate 		52.91
0.miss_rate 		47.09
0.n_upgrade_miss 	0
0.n_bus_snoops 	82316
0.n_snoop_hits 	4177
0.n_writebacks 	21129
Memory Traffic:
0.B_written_bus_to_cache 	625912
0.B_written_cache_to_bus_wb 	84516
0.B_written_cache_to_bus_wt 	0
0.B_total_traffic_wb 	710428
0.B_total_traffic_wt 	0
    *** Results for Core 1 ***
1.n_cpu_accesses 	324161
1.n_loads 		240876
1.n_stores 		83285
1.n_hits 		167683
1.n_misses 		156478
1.hit_rate 		51.73
1.miss_rate 		48.27
1.n_upgrade_miss 	0
1.n_bus_snoops 	74162
1.n_snoop_hits 	4091
1.n_writebacks 	38333
Memory Traffic:
1.B_written_bus_to_cache 	625912
1.B_written_cache_to_bus_wb 	153332
1.B_written_cache_to_bus_wt 	0
1.B_total_traffic_wb 	779244
1.B_total_traffic_wt 	0
