P5 Printout for CS 3410
----------------------------------
Trace  		trace.2t.long.txt
Instruction Limit 	none
 *** Cache Configuration *** 
capacity   		65536 B
block_size 		  512 B
associativity 		4-way
n_set 			32
n_cache_line 	128
tag: 18, index: 5, offset: 9
Coherence Protocol: 	vi
lru_on_invalidate_f: 	false
Processing trace...
2 1
Processed 500000 lines.
    *** Results for Core 0 ***
0.n_cpu_accesses 	263237
0.n_loads 		205736
0.n_stores 		57501
0.n_hits 		236347
0.n_misses 		26890
0.hit_rate 		89.78
0.miss_rate 		10.22
0.n_upgrade_miss 	0
0.n_bus_snoops 	13236
0.n_snoop_hits 	2845
0.n_writebacks 	3529
Memory Traffic:
0.B_written_bus_to_cache 	13767680
0.B_written_cache_to_bus_wb 	1806848
0.B_written_cache_to_bus_wt 	0
0.B_total_traffic_wb 	15574528
0.B_total_traffic_wt 	0
    *** Results for Core 1 ***
1.n_cpu_accesses 	263653
1.n_loads 		180368
1.n_stores 		83285
1.n_hits 		236763
1.n_misses 		26890
1.hit_rate 		89.80
1.miss_rate 		10.20
1.n_upgrade_miss 	0
1.n_bus_snoops 	13654
1.n_snoop_hits 	2878
1.n_writebacks 	4374
Memory Traffic:
1.B_written_bus_to_cache 	13767680
1.B_written_cache_to_bus_wb 	2239488
1.B_written_cache_to_bus_wt 	0
1.B_total_traffic_wb 	16007168
1.B_total_traffic_wt 	0
