P5 Printout for CS 3410
----------------------------------
Trace  		trace.2t.long.txt
Instruction Limit 	none
 *** Cache Configuration *** 
capacity   		65536 B
block_size 		 2048 B
associativity 		4-way
n_set 			8
n_cache_line 	32
tag: 18, index: 3, offset: 11
Coherence Protocol: 	vi
lru_on_invalidate_f: 	false
Processing trace...
2 1
Processed 500000 lines.
    *** Results for Core 0 ***
0.n_cpu_accesses 	269232
0.n_loads 		211731
0.n_stores 		57501
0.n_hits 		227874
0.n_misses 		41358
0.hit_rate 		84.64
0.miss_rate 		15.36
0.n_upgrade_miss 	0
0.n_bus_snoops 	19231
0.n_snoop_hits 	3162
0.n_writebacks 	5721
Memory Traffic:
0.B_written_bus_to_cache 	84701184
0.B_written_cache_to_bus_wb 	11716608
0.B_written_cache_to_bus_wt 	0
0.B_total_traffic_wb 	96417792
0.B_total_traffic_wt 	0
    *** Results for Core 1 ***
1.n_cpu_accesses 	272126
1.n_loads 		188841
1.n_stores 		83285
1.n_hits 		230768
1.n_misses 		41358
1.hit_rate 		84.80
1.miss_rate 		15.20
1.n_upgrade_miss 	0
1.n_bus_snoops 	22127
1.n_snoop_hits 	3182
1.n_writebacks 	5994
Memory Traffic:
1.B_written_bus_to_cache 	84701184
1.B_written_cache_to_bus_wb 	12275712
1.B_written_cache_to_bus_wt 	0
1.B_total_traffic_wb 	96976896
1.B_total_traffic_wt 	0
