P5 Printout for CS 3410
----------------------------------
Trace  		trace.2t.long.txt
Instruction Limit 	none
 *** Cache Configuration *** 
capacity   		65536 B
block_size 		 1024 B
associativity 		4-way
n_set 			16
n_cache_line 	64
tag: 18, index: 4, offset: 10
Coherence Protocol: 	vi
lru_on_invalidate_f: 	false
Processing trace...
2 1
Processed 500000 lines.
    *** Results for Core 0 ***
0.n_cpu_accesses 	250001
0.n_loads 		192500
0.n_stores 		57501
0.n_hits 		234542
0.n_misses 		15459
0.hit_rate 		93.82
0.miss_rate 		6.18
0.n_upgrade_miss 	0
0.n_bus_snoops 	14634
0.n_snoop_hits 	3191
0.n_writebacks 	4245
Memory Traffic:
0.B_written_bus_to_cache 	15830016
0.B_written_cache_to_bus_wb 	4346880
0.B_written_cache_to_bus_wt 	0
0.B_total_traffic_wb 	20176896
0.B_total_traffic_wt 	0
    *** Results for Core 1 ***
1.n_cpu_accesses 	249999
1.n_loads 		166714
1.n_stores 		83285
1.n_hits 		235365
1.n_misses 		14634
1.hit_rate 		94.15
1.miss_rate 		5.85
1.n_upgrade_miss 	0
1.n_bus_snoops 	15459
1.n_snoop_hits 	3205
1.n_writebacks 	5011
Memory Traffic:
1.B_written_bus_to_cache 	14985216
1.B_written_cache_to_bus_wb 	5131264
1.B_written_cache_to_bus_wt 	0
1.B_total_traffic_wb 	20116480
1.B_total_traffic_wt 	0
