P5 Printout for CS 3410
----------------------------------
Trace  		trace.2t.long.txt
Instruction Limit 	none
 *** Cache Configuration *** 
capacity   		65536 B
block_size 		    4 B
associativity 		4-way
n_set 			4096
n_cache_line 	16384
tag: 18, index: 12, offset: 2
Coherence Protocol: 	msi
lru_on_invalidate_f: 	false
Processing trace...
2 2
Processed 500000 lines.
    *** Results for Core 0 ***
0.n_cpu_accesses 	250001
0.n_loads 		192500
0.n_stores 		57501
0.n_hits 		179012
0.n_misses 		70989
0.hit_rate 		71.60
0.miss_rate 		28.40
0.n_upgrade_miss 	10029
0.n_bus_snoops 	79606
0.n_snoop_hits 	1689
0.n_writebacks 	20636
Memory Traffic:
0.B_written_bus_to_cache 	283956
0.B_written_cache_to_bus_wb 	82544
0.B_written_cache_to_bus_wt 	0
0.B_total_traffic_wb 	366500
0.B_total_traffic_wt 	0
    *** Results for Core 1 ***
1.n_cpu_accesses 	249999
1.n_loads 		166714
1.n_stores 		83285
1.n_hits 		170816
1.n_misses 		79183
1.hit_rate 		68.33
1.miss_rate 		31.67
1.n_upgrade_miss 	17412
1.n_bus_snoops 	71414
1.n_snoop_hits 	1563
1.n_writebacks 	37788
Memory Traffic:
1.B_written_bus_to_cache 	316732
1.B_written_cache_to_bus_wb 	151152
1.B_written_cache_to_bus_wt 	0
1.B_total_traffic_wb 	467884
1.B_total_traffic_wt 	0
