P5 Printout for CS 3410
----------------------------------
Trace  		trace.2t.long.txt
Instruction Limit 	none
 *** Cache Configuration *** 
capacity   		65536 B
block_size 		 4096 B
associativity 		4-way
n_set 			4
n_cache_line 	16
tag: 18, index: 2, offset: 12
Coherence Protocol: 	msi
lru_on_invalidate_f: 	false
Processing trace...
2 2
Processed 500000 lines.
    *** Results for Core 0 ***
0.n_cpu_accesses 	250001
0.n_loads 		192500
0.n_stores 		57501
0.n_hits 		221459
0.n_misses 		28542
0.hit_rate 		88.58
0.miss_rate 		11.42
0.n_upgrade_miss 	6715
0.n_bus_snoops 	22949
0.n_snoop_hits 	2180
0.n_writebacks 	8843
Memory Traffic:
0.B_written_bus_to_cache 	116908032
0.B_written_cache_to_bus_wb 	36220928
0.B_written_cache_to_bus_wt 	0
0.B_total_traffic_wb 	153128960
0.B_total_traffic_wt 	0
    *** Results for Core 1 ***
1.n_cpu_accesses 	249999
1.n_loads 		166714
1.n_stores 		83285
1.n_hits 		227777
1.n_misses 		22222
1.hit_rate 		91.11
1.miss_rate 		8.89
1.n_upgrade_miss 	5808
1.n_bus_snoops 	29307
1.n_snoop_hits 	2630
1.n_writebacks 	8276
Memory Traffic:
1.B_written_bus_to_cache 	91021312
1.B_written_cache_to_bus_wb 	33898496
1.B_written_cache_to_bus_wt 	0
1.B_total_traffic_wb 	124919808
1.B_total_traffic_wt 	0
