P5 Printout for CS 3410
----------------------------------
Trace  		trace.1t.long.txt
Instruction Limit 	none
 *** Cache Configuration *** 
capacity   		16384 B
block_size 		   64 B
associativity 		4-way
n_set 			64
n_cache_line 	256
tag: 20, index: 6, offset: 6
Coherence Protocol: 	none
lru_on_invalidate_f: 	false
Processing trace...
1 0
Processed 250001 lines.
    *** Results for Core 0 ***
0.n_cpu_accesses 	250001
0.n_loads 		192500
0.n_stores 		57501
0.n_hits 		230272
0.n_misses 		19729
0.hit_rate 		92.11
0.miss_rate 		7.89
0.n_upgrade_miss 	0
0.n_bus_snoops 	0
0.n_snoop_hits 	0
0.n_writebacks 	4928
Memory Traffic:
0.B_written_bus_to_cache 	1262656
0.B_written_cache_to_bus_wb 	315392
0.B_written_cache_to_bus_wt 	0
0.B_total_traffic_wb 	1578048
0.B_total_traffic_wt 	0
